0 [135799658265536] INFO perfrun.launcher <> - Launcher main begin
0 [135799658265536] INFO perfrun.launcher <> - MessageCatalogInit finished
0 [135799658265536] INFO perfrun.launcher <> - Launcher instance created
0 [135799658265536] INFO perfrun.launcher <> - argc = 6; cmdline = /opt/intel/oneapi/vtune/2025.9/bin64/amplxe-runss -dump-vdso -r /home/pacca/Desktop/Magistrale/computerArchitecture/progettoComputerArchitecture/cpu/r009tr --tmp-dir /tmp/amplxe-tmp-pacca 
61 [135799658265536] INFO perfrun.perfcollector <> - SEP tool path: /opt/intel/oneapi/vtune/2025.9/bin64/sep
64 [135799658265536] INFO perfrun.launcher <> - create msngr2::ICliToolContext
64 [135799658265536] INFO perfrun.launcher <> - create file finder object
65 [135799498598080] INFO perfrun.launcher <> - plugin [remoteplug] was disabled because it doesn't support the given collection type.
65 [135799498598080] INFO perfrun.launcher <> - plugin [system] was disabled because it doesn't support the given collection type.
65 [135799498598080] INFO perfrun.vdso <> - dumping [vdso] pseudomodule
66 [135799498598080] INFO perfrun.launcher <> - plugin [itt] was disabled because it doesn't support the given collection type.
66 [135799498598080] INFO perfrun.launcher <> - plugin [ptracecollector] was disabled because it doesn't support the given collection type.
66 [135799498598080] INFO perfrun.launcher <> - plugin [gpu] was disabled because it doesn't support the given collection type.
66 [135799498598080] INFO perfrun.launcher <> - plugin [] was disabled because it doesn't support the given collection type.
66 [135799498598080] INFO perfrun.launcher <> - plugin [] was disabled because it doesn't support the given collection type.
66 [135799498598080] INFO perfrun.launcher <> - plugin [] was disabled because it doesn't support the given collection type.
66 [135799498598080] INFO perfrun.launcher <> - plugin [mrte] was disabled because it doesn't support the given collection type.
66 [135799498598080] INFO perfrun.launcher <> - plugin [emon] was disabled because it doesn't support the given collection type.
66 [135799498598080] INFO perfrun.launcher <> - plugin [cuscol] was disabled because it doesn't support the given collection type.
66 [135799498598080] INFO perfrun.launcher <> - plugin [stdsrc] was disabled because it doesn't support the given collection type.
66 [135799498598080] INFO perfrun.launcher <> - plugin [sep] was disabled because it doesn't support the given collection type.
66 [135799498598080] INFO perfrun.launcher <> - plugin [vtsspp] was disabled because it doesn't support the given collection type.
66 [135799498598080] INFO perfrun.launcher <> - plugin [perf] was disabled because it doesn't support the given collection type.
66 [135799498598080] INFO perfrun.launcher <> - plugin [aoclprofile] was disabled because it doesn't support the given collection type.
66 [135799498598080] INFO perfrun.launcher <> - plugin [tpss] was disabled because it doesn't support the given collection type.
66 [135799498598080] INFO perfrun.launcher <> - plugin [media] was disabled because it doesn't support the given collection type.
66 [135799498598080] INFO perfrun.launcher <> - plugin [] was disabled because it doesn't support the given collection type.
66 [135799498598080] INFO perfrun.launcher <> - plugin [] was disabled because it doesn't support the given collection type.
66 [135799498598080] INFO perfrun.launcher <> - plugin [parallelfs] was disabled because it doesn't support the given collection type.
66 [135799498598080] INFO perfrun.launcher <> - plugin [power] was disabled because it doesn't support the given collection type.
66 [135799498598080] INFO perfrun.launcher <> - plugin [] was disabled because it doesn't support the given collection type.
66 [135799498598080] INFO perfrun.launcher <> - plugin [] was disabled because it doesn't support the given collection type.
66 [135799498598080] INFO perfrun.launcher <> - plugin [] was disabled because it doesn't support the given collection type.
66 [135799498598080] INFO perfrun.launcher <> - plugin [l0_metrics] was disabled because it doesn't support the given collection type.
66 [135799498598080] INFO perfrun.launcher <> - plugin [stall_reasons] was disabled because it doesn't support the given collection type.
66 [135799658265536] INFO perfrun.launcher <> - Application exit code: 0
66 [135799658265536] INFO perfrun.launcher <> - Exit code: 0
