0 [132361371344640] INFO perfrun.launcher <> - Launcher main begin
0 [132361371344640] INFO perfrun.launcher <> - MessageCatalogInit finished
0 [132361371344640] INFO perfrun.launcher <> - Launcher instance created
0 [132361371344640] INFO perfrun.launcher <> - argc = 7; cmdline = /opt/intel/oneapi/vtune/2025.10/bin64/amplxe-runss --ui-output-format xml --ui-output-fd 5 --option-file /home/pacca/Desktop/Magistrale/computerArchitecture/progettoComputerArchitecture/cpu/versioni/r013hs/config/runss.options 
50 [132361371344640] INFO perfrun.perfcollector <> - SEP tool path: /opt/intel/oneapi/vtune/2025.10/bin64/sep
53 [132361371344640] INFO perfrun.launcher <> - create msngr2::ICliToolContext
53 [132361371344640] INFO perfrun.launcher <> - create file finder object
53 [132361371344640] INFO perfrun.launcher <> - create a result directory: pattern = /home/pacca/Desktop/Magistrale/computerArchitecture/progettoComputerArchitecture/cpu/versioni/r013hs pid = 4294967295
54 [132361371344640] INFO perfrun.sdk <> - checked that the directory /home/pacca/Desktop/Magistrale/computerArchitecture/progettoComputerArchitecture/cpu/versioni/r013hs is a local directory
54 [132361371344640] INFO perfrun.sdk <> - the directory /home/pacca/Desktop/Magistrale/computerArchitecture/progettoComputerArchitecture/cpu/versioni/r013hs is a local directory with FS type ID 61267
54 [132361371344640] INFO perfrun.launcher <> - create data directory = /home/pacca/Desktop/Magistrale/computerArchitecture/progettoComputerArchitecture/cpu/versioni/r013hs/data.0
54 [132361371344640] INFO perfrun.launcher <> - Creating the master collection flag
62 [132361371344640] INFO perfrun.launcher <> - Done creating the master collection flag
63 [132361211602624] INFO perfrun.launcher <> - plugin [remoteplug] was disabled because it doesn't support the given collection type.
63 [132361211602624] INFO perfrun.sdk <> - Allocating TMU :/home/pacca/Desktop/Magistrale/computerArchitecture/progettoComputerArchitecture/cpu/versioni/r013hs/data.0/systemcollector-42129-PaccaPc.sc
63 [132361211602624] INFO perfrun.system <> - Tpss based collection
63 [132361211602624] INFO perfrun.launcher <> - plugin [ptracecollector] was disabled because it doesn't support the given collection type.
63 [132361211602624] INFO perfrun.launcher <> - plugin [gpu] was disabled because it doesn't support the given collection type.
63 [132361211602624] INFO perfrun.launcher <> - plugin [] was disabled because it doesn't support the given collection type.
63 [132361211602624] INFO perfrun.launcher <> - plugin [] was disabled because it doesn't support the given collection type.
63 [132361211602624] INFO perfrun.launcher <> - plugin [] was disabled because it doesn't support the given collection type.
63 [132361211602624] INFO perfrun.mrte <> - system-wide mode is 0
63 [132361211602624] INFO perfrun.mrte <> - Getting  mrte profiling environment ...
67 [132361211602624] INFO perfrun.mrte <> - INTEL_MRTE_DATA_DIR=/home/pacca/Desktop/Magistrale/computerArchitecture/progettoComputerArchitecture/cpu/versioni/r013hs/data.0
67 [132361211602624] INFO perfrun.mrte <> - INTEL_MRTE_HOST_NAME=PaccaPc
67 [132361211602624] INFO perfrun.mrte <> - JAVA_TOOL_OPTIONS=-agentlib:amplxe_samplingmrte_javaprof_1.0 -Dsun.boot.library.path=/opt/intel/oneapi/vtune/2025.10/lib32/runtime:/opt/intel/oneapi/vtune/2025.10/lib64/runtime
67 [132361211602624] INFO perfrun.mrte <> - LD_LIBRARY_PATH=/opt/intel/oneapi/vtune/2025.10/lib32/runtime:/opt/intel/oneapi/vtune/2025.10/lib64/runtime
67 [132361211602624] INFO perfrun.mrte <> - CORECLR_ENABLE_PROFILING=1
67 [132361211602624] INFO perfrun.mrte <> - CORECLR_PROFILER={AA5E4821-E3B1-479c-B7FF-5AD047D22CED}
67 [132361211602624] INFO perfrun.mrte <> - CORECLR_PROFILER_PATH=/opt/intel/oneapi/vtune/2025.10/lib64/libamplxe_samplingmrte_clrprof_1.0.so
67 [132361211602624] INFO perfrun.mrte <> - INTEL_MRTE_PROFILER_MODE=mixed
67 [132361211602624] INFO perfrun.mrte <> - Data directory: /home/pacca/Desktop/Magistrale/computerArchitecture/progettoComputerArchitecture/cpu/versioni/r013hs/data.0
67 [132361211602624] INFO perfrun.mrte <> - Mrte plugin is initialized
67 [132361211602624] INFO perfrun.sdk <> - runCmd: /opt/intel/oneapi/vtune/2025.10/bin64/emon -v
68 [132361211602624] INFO perfrun.sdk <> - runCmd started PID 42133
181 [132361211602624] INFO perfrun.emon <> - Extracted TSC Frequency = 2.688e+09 from emon -v
181 [132361211602624] INFO perfrun.metrics <> - PMU type is alderlake
181 [132361211602624] INFO perfrun.launcher <> - plugin [cuscol] was disabled because it doesn't support the given collection type.
181 [132361211602624] INFO perfrun.launcher <> - plugin [stdsrc] was disabled because it doesn't support the given collection type.
181 [132361211602624] INFO perfrun.launcher <> - plugin [sep] was disabled because it doesn't support the given collection type.
181 [132361211602624] INFO perfrun.launcher <> - plugin [vtsspp] was disabled because it doesn't support the given collection type.
181 [132361211602624] INFO perfrun.launcher <> - plugin [perf] was disabled because it doesn't support the given collection type.
181 [132361211602624] INFO perfrun.launcher <> - plugin [aoclprofile] was disabled because it doesn't support the given collection type.
181 [132361211602624] INFO perfrun.tpss <> - initialize tpss controller
181 [132361211602624] INFO perfrun.tpss <> - configure collection mode: value = cpu:stack
181 [132361211602624] INFO perfrun.tpss <> - default obj-size-min=1024
181 [132361211602624] INFO perfrun.tpss <> - default hash-table-size=0
181 [132361211602624] INFO perfrun.launcher <> - plugin [media] was disabled because it doesn't support the given collection type.
181 [132361211602624] INFO perfrun.launcher <> - plugin [] was disabled because it doesn't support the given collection type.
181 [132361211602624] INFO perfrun.launcher <> - plugin [] was disabled because it doesn't support the given collection type.
181 [132361211602624] INFO perfrun.launcher <> - plugin [parallelfs] was disabled because it doesn't support the given collection type.
181 [132361211602624] INFO perfrun.launcher <> - plugin [power] was disabled because it doesn't support the given collection type.
181 [132361211602624] INFO perfrun.launcher <> - plugin [] was disabled because it doesn't support the given collection type.
181 [132361211602624] INFO perfrun.launcher <> - plugin [] was disabled because it doesn't support the given collection type.
181 [132361211602624] INFO perfrun.launcher <> - plugin [] was disabled because it doesn't support the given collection type.
181 [132361211602624] INFO perfrun.launcher <> - plugin [l0_metrics] was disabled because it doesn't support the given collection type.
181 [132361211602624] INFO perfrun.launcher <> - plugin [stall_reasons] was disabled because it doesn't support the given collection type.
182 [132361371344640] INFO perfrun.launcher <> - set environment variable: LD_LIBRARY_PATH = /opt/intel/oneapi/vtune/2025.10/lib32/runtime:/opt/intel/oneapi/vtune/2025.10/lib64/runtime
182 [132361371344640] INFO perfrun.launcher <> - set environment variable: INTEL_LIBITTNOTIFY32 = /opt/intel/oneapi/vtune/2025.10/lib32/runtime/libittnotify_collector.so
182 [132361371344640] INFO perfrun.launcher <> - set environment variable: INTEL_LIBITTNOTIFY64 = /opt/intel/oneapi/vtune/2025.10/lib64/runtime/libittnotify_collector.so
182 [132361371344640] INFO perfrun.launcher <> - set environment variable: INTEL_ITTNOTIFY_GROUPS = 
182 [132361371344640] INFO perfrun.launcher <> - set environment variable: INTEL_JIT_PROFILER32 = /opt/intel/oneapi/vtune/2025.10/lib32/runtime/libittnotify_collector.so
182 [132361371344640] INFO perfrun.launcher <> - set environment variable: INTEL_JIT_PROFILER64 = /opt/intel/oneapi/vtune/2025.10/lib64/runtime/libittnotify_collector.so
182 [132361371344640] INFO perfrun.launcher <> - set environment variable: CCL_ITT_LEVEL = 1
182 [132361371344640] INFO perfrun.launcher <> - set environment variable: ENABLE_JITPROFILING = 1
182 [132361371344640] INFO perfrun.launcher <> - set environment variable: CL_CONFIG_USE_VTUNE = True
182 [132361371344640] INFO perfrun.launcher <> - set environment variable: KMP_FORKJOIN_FRAMES = 0
182 [132361371344640] INFO perfrun.launcher <> - set environment variable: KMP_FORKJOIN_FRAMES_MODE = 0
182 [132361371344640] INFO perfrun.launcher <> - set environment variable: INTEL_MRTE_DATA_DIR = /home/pacca/Desktop/Magistrale/computerArchitecture/progettoComputerArchitecture/cpu/versioni/r013hs/data.0
182 [132361371344640] INFO perfrun.launcher <> - set environment variable: INTEL_MRTE_HOST_NAME = PaccaPc
182 [132361371344640] INFO perfrun.launcher <> - set environment variable: JAVA_TOOL_OPTIONS = -agentlib:amplxe_samplingmrte_javaprof_1.0 -Dsun.boot.library.path=/opt/intel/oneapi/vtune/2025.10/lib32/runtime:/opt/intel/oneapi/vtune/2025.10/lib64/runtime
182 [132361371344640] INFO perfrun.launcher <> - set environment variable: LD_LIBRARY_PATH = /opt/intel/oneapi/vtune/2025.10/lib32/runtime:/opt/intel/oneapi/vtune/2025.10/lib64/runtime
182 [132361371344640] INFO perfrun.launcher <> - set environment variable: CORECLR_ENABLE_PROFILING = 1
182 [132361371344640] INFO perfrun.launcher <> - set environment variable: CORECLR_PROFILER = {AA5E4821-E3B1-479c-B7FF-5AD047D22CED}
182 [132361371344640] INFO perfrun.launcher <> - set environment variable: CORECLR_PROFILER_PATH = /opt/intel/oneapi/vtune/2025.10/lib64/libamplxe_samplingmrte_clrprof_1.0.so
182 [132361371344640] INFO perfrun.launcher <> - set environment variable: INTEL_MRTE_PROFILER_MODE = mixed
182 [132361371344640] INFO perfrun.launcher <> - RpcServer: run RPC server to handle requests
182 [132361371344640] INFO perfrun.launcher <> - Launcher: command line to start before modification = ./v3 img1 13 5 256
182 [132361371344640] INFO perfrun.launcher <> - Launcher: command line to start after modification = /opt/intel/oneapi/vtune/2025.10/bin64/pin -error_file /home/pacca/Desktop/Magistrale/computerArchitecture/progettoComputerArchitecture/cpu/versioni/r013hs/data.0/pinerr.tpsslog -detach_reattach -follow_execv -tool_load_option deepbind -t64 /opt/intel/oneapi/vtune/2025.10/lib64/libtpsstool.so -t /opt/intel/oneapi/vtune/2025.10/lib32/libtpsstool.so -server_name tpss_ipc.42129 -prd_dir /opt/intel/oneapi/vtune/2025.10 -- ./v3 img1 13 5 256
182 [132361371344640] INFO perfrun.launcher <> - ProcessCreator object was created
182 [132361371344640] INFO perfrun.launcher <> - Launcher: the process was started in suspend mode
183 [132361211602624] WARN perfrun.system <> - Could not do anything with /sys/kernel/debug/kvm: boost::filesystem::status: Permission denied [system:13]: "/sys/kernel/debug/kvm", at file: vcs/perfrun1/plugins/system/src/trace_writer.cpp:791
183 [132361211602624] WARN perfrun.system <> - Folder "/var/run/libvirt/qemu/"doesn't exist, at file: vcs/perfrun1/plugins/system/src/trace_writer.cpp:804
184 [132361211602624] WARN perfrun.sdk <> - Failed to find xl binary on any of the system paths: /bin, /sbin, /usr/bin, /usr/sbin., at file: vcs/perfrun1/sdk/src/utils.cpp:205
184 [132361211602624] WARN perfrun.system <> - Could not start ContainerMapping collector, at file: vcs/perfrun1/plugins/system/src/controller.cpp:450
206 [132361211602624] INFO perfrun.vdso <> - Helper runtool '/opt/intel/oneapi/vtune/2025.10/bin32/amplxe-runss -dump-vdso -r /home/pacca/Desktop/Magistrale/computerArchitecture/progettoComputerArchitecture/cpu/versioni/r013hs --tmp-dir /tmp/amplxe-tmp-pacca' returned 0
277 [132361211602624] INFO perfrun.vdso <> - Helper runtool '/opt/intel/oneapi/vtune/2025.10/bin64/amplxe-runss -dump-vdso -r /home/pacca/Desktop/Magistrale/computerArchitecture/progettoComputerArchitecture/cpu/versioni/r013hs --tmp-dir /tmp/amplxe-tmp-pacca' returned 0
277 [132361211602624] INFO perfrun.itt <> - start itt controller for pid #42136
277 [132361211602624] INFO perfrun.sdk <> - runCmd: /opt/intel/oneapi/vtune/2025.10/bin64/emon -M
278 [132361211602624] INFO perfrun.sdk <> - runCmd started PID 42143
389 [132361211602624] INFO perfrun.sdk <> - runCmd: /opt/intel/oneapi/vtune/2025.10/bin64/emon -v
389 [132361211602624] INFO perfrun.sdk <> - runCmd started PID 42144
503 [132361211602624] INFO perfrun.sdk <> - runCmd: /opt/intel/oneapi/vtune/2025.10/bin64/sep -dry-run -ec CPU_CLK_UNHALTED.THREAD:sa=2700000,CPU_CLK_UNHALTED.REF_TSC:sample:sa=2700000,INST_RETIRED.ANY:sample:sa=2700000,CPU_CLK_UNHALTED.DISTRIBUTED:sa=2700000,FP_ARITH_INST_RETIRED.SCALAR_SINGLE:sa=2000003,FP_ARITH_INST_RETIRED.128B_PACKED_SINGLE:sa=2000003,FP_ARITH_INST_RETIRED.256B_PACKED_SINGLE:sa=2000003,FP_ARITH_INST_RETIRED.SCALAR_DOUBLE:sa=2000003,FP_ARITH_INST_RETIRED.128B_PACKED_DOUBLE:sa=2000003,FP_ARITH_INST_RETIRED.256B_PACKED_DOUBLE:sa=2000003,UOPS_EXECUTED.X87:sa=2000003,UOPS_RETIRED.SLOTS:sa=2000003,UOPS_EXECUTED.THREAD:sa=2000003,TOPDOWN.SLOTS:perf_metrics:sample:sa=2000003,TOPDOWN_RETIRING.ALL:sample:sa=2000003 -experimental
503 [132361211602624] INFO perfrun.sdk <> - runCmd started PID 42146
614 [132361211602624] INFO perfrun.emon <> - Spawned collector thread
614 [132361186424512] INFO perfrun.sdk <> - runCmd: /opt/intel/oneapi/vtune/2025.10/bin64/emon -u -t 0.050 -l0 -C CPU_CLK_UNHALTED.DISTRIBUTED,CPU_CLK_UNHALTED.REF_TSC,CPU_CLK_UNHALTED.THREAD,FP_ARITH_INST_RETIRED.128B_PACKED_DOUBLE,FP_ARITH_INST_RETIRED.128B_PACKED_SINGLE,FP_ARITH_INST_RETIRED.256B_PACKED_DOUBLE,FP_ARITH_INST_RETIRED.256B_PACKED_SINGLE,FP_ARITH_INST_RETIRED.SCALAR_DOUBLE,FP_ARITH_INST_RETIRED.SCALAR_SINGLE,INST_RETIRED.ANY,TOPDOWN.SLOTS:perf_metrics,TOPDOWN_RETIRING.ALL,UOPS_EXECUTED.THREAD,UOPS_EXECUTED.X87,UOPS_RETIRED.SLOTS -experimental
614 [132361186424512] INFO perfrun.sdk <> - runCmd started PID 42148
880 [132361211602624] INFO perfrun.tpss <> - start tpss controller for pid #42136
930 [132361371344640] INFO perfrun.launcher <> - Launcher: all plugins were started
931 [132361371344640] INFO perfrun.launcher <> - DirectoryMonitor object was created
931 [132361371344640] INFO perfrun.launcher <> - DirectoryMonitor: a callback was added
931 [132361371344640] INFO perfrun.launcher <> - DirectoryMonitor was started with pingTime = 1000
931 [132361371344640] INFO perfrun.launcher <> - DeadlineTimer is going to be constructed
931 [132361371344640] INFO perfrun.launcher <> - DeadlineTimer: a callback was added
940 [132361371344640] INFO perfrun.launcher <> - Launcher: resume the profiled application and  wait its termination or stop command
18582 [132361371344640] INFO perfrun.launcher <> - Launcher: the profiled application was terminated  with exit code = 0
18585 [132361211602624] INFO perfrun.itt <> - detach itt controller
18585 [132361211602624] INFO perfrun.itt <> - detach itt controller done
18585 [132361211602624] INFO perfrun.sdk <> - runCmd: /opt/intel/oneapi/vtune/2025.10/bin64/emon -stop
18586 [132361211602624] INFO perfrun.sdk <> - runCmd started PID 42270
18751 [132361211602624] INFO perfrun.emon <> - EMON collector successfully stopped.

18754 [132361186424512] WARN perfrun.emon_output <> - TimeKeeper: the time is being asked while the time keeper object is armed. This may mean that the time for the last group is getting reused as the time for this group
18754 [132361186424512] INFO perfrun.emon_output <> - Collector process exited successfully
18754 [132361211602624] INFO perfrun.tpss <> - stop tpss controller
18754 [132361211602624] INFO perfrun.sdk <> - De-allocating TMU: /home/pacca/Desktop/Magistrale/computerArchitecture/progettoComputerArchitecture/cpu/versioni/r013hs/data.0/systemcollector-42129-PaccaPc.sc
18754 [132361211602624] INFO perfrun.system <> - closed the system trace file: /home/pacca/Desktop/Magistrale/computerArchitecture/progettoComputerArchitecture/cpu/versioni/r013hs/data.0/systemcollector-42129-PaccaPc.sc
18754 [132361371344640] INFO perfrun.launcher <> - Launcher: all plugins were stopped.
18754 [132361371344640] INFO perfrun.launcher <> - DeadlineTimer is going to be destroyed
18754 [132361371344640] INFO perfrun.launcher <> - DeadlineTimer was destroyed
18754 [132361371344640] INFO perfrun.launcher <> - DirectoryMonitor object was destroyed
18754 [132361371344640] WARN perfrun.launcher <> - Stop command is ignored because it is received when collection is already stopped, at file: vcs/perfrun1/launcher/src/command_handler.cpp:226
18755 [132361371344640] INFO perfrun.launcher <> - Application exit code: 0
18755 [132361371344640] INFO perfrun.launcher <> - Exit code: 0
