0 [126113530018752] INFO perfrun.launcher <> - Launcher main begin
0 [126113530018752] INFO perfrun.launcher <> - MessageCatalogInit finished
0 [126113530018752] INFO perfrun.launcher <> - Launcher instance created
0 [126113530018752] INFO perfrun.launcher <> - argc = 7; cmdline = /opt/intel/oneapi/vtune/2025.9/bin64/amplxe-runss --ui-output-format xml --ui-output-fd 5 --option-file /home/pacca/Desktop/Magistrale/computerArchitecture/progettoComputerArchitecture/cpu/r005hs/config/runss.options 
51 [126113530018752] INFO perfrun.perfcollector <> - SEP tool path: /opt/intel/oneapi/vtune/2025.9/bin64/sep
55 [126113530018752] INFO perfrun.launcher <> - create msngr2::ICliToolContext
55 [126113530018752] INFO perfrun.launcher <> - create file finder object
55 [126113530018752] INFO perfrun.launcher <> - create a result directory: pattern = /home/pacca/Desktop/Magistrale/computerArchitecture/progettoComputerArchitecture/cpu/r005hs pid = 4294967295
55 [126113530018752] INFO perfrun.sdk <> - checked that the directory /home/pacca/Desktop/Magistrale/computerArchitecture/progettoComputerArchitecture/cpu/r005hs is a local directory
55 [126113530018752] INFO perfrun.sdk <> - the directory /home/pacca/Desktop/Magistrale/computerArchitecture/progettoComputerArchitecture/cpu/r005hs is a local directory with FS type ID 61267
55 [126113530018752] INFO perfrun.launcher <> - create data directory = /home/pacca/Desktop/Magistrale/computerArchitecture/progettoComputerArchitecture/cpu/r005hs/data.0
55 [126113530018752] INFO perfrun.launcher <> - Creating the master collection flag
64 [126113530018752] INFO perfrun.launcher <> - Done creating the master collection flag
65 [126113370072768] INFO perfrun.launcher <> - plugin [remoteplug] was disabled because it doesn't support the given collection type.
65 [126113370072768] INFO perfrun.sdk <> - Allocating TMU :/home/pacca/Desktop/Magistrale/computerArchitecture/progettoComputerArchitecture/cpu/r005hs/data.0/systemcollector-21505-PaccaPc.sc
65 [126113370072768] INFO perfrun.system <> - Tpss based collection
65 [126113370072768] INFO perfrun.launcher <> - plugin [ptracecollector] was disabled because it doesn't support the given collection type.
65 [126113370072768] INFO perfrun.launcher <> - plugin [gpu] was disabled because it doesn't support the given collection type.
65 [126113370072768] INFO perfrun.launcher <> - plugin [] was disabled because it doesn't support the given collection type.
65 [126113370072768] INFO perfrun.launcher <> - plugin [] was disabled because it doesn't support the given collection type.
65 [126113370072768] INFO perfrun.launcher <> - plugin [] was disabled because it doesn't support the given collection type.
65 [126113370072768] INFO perfrun.mrte <> - system-wide mode is 0
65 [126113370072768] INFO perfrun.mrte <> - Getting  mrte profiling environment ...
69 [126113370072768] INFO perfrun.mrte <> - INTEL_MRTE_DATA_DIR=/home/pacca/Desktop/Magistrale/computerArchitecture/progettoComputerArchitecture/cpu/r005hs/data.0
69 [126113370072768] INFO perfrun.mrte <> - INTEL_MRTE_HOST_NAME=PaccaPc
69 [126113370072768] INFO perfrun.mrte <> - JAVA_TOOL_OPTIONS=-agentlib:amplxe_samplingmrte_javaprof_1.0 -Dsun.boot.library.path=/opt/intel/oneapi/vtune/2025.9/lib32/runtime:/opt/intel/oneapi/vtune/2025.9/lib64/runtime
69 [126113370072768] INFO perfrun.mrte <> - LD_LIBRARY_PATH=/opt/intel/oneapi/vtune/2025.9/lib32/runtime:/opt/intel/oneapi/vtune/2025.9/lib64/runtime
69 [126113370072768] INFO perfrun.mrte <> - CORECLR_ENABLE_PROFILING=1
69 [126113370072768] INFO perfrun.mrte <> - CORECLR_PROFILER={AA5E4821-E3B1-479c-B7FF-5AD047D22CED}
69 [126113370072768] INFO perfrun.mrte <> - CORECLR_PROFILER_PATH=/opt/intel/oneapi/vtune/2025.9/lib64/libamplxe_samplingmrte_clrprof_1.0.so
69 [126113370072768] INFO perfrun.mrte <> - INTEL_MRTE_PROFILER_MODE=mixed
69 [126113370072768] INFO perfrun.mrte <> - Data directory: /home/pacca/Desktop/Magistrale/computerArchitecture/progettoComputerArchitecture/cpu/r005hs/data.0
69 [126113370072768] INFO perfrun.mrte <> - Mrte plugin is initialized
69 [126113370072768] INFO perfrun.launcher <> - plugin [emon] was disabled because it doesn't support the given collection type.
69 [126113370072768] INFO perfrun.launcher <> - plugin [cuscol] was disabled because it doesn't support the given collection type.
70 [126113370072768] INFO perfrun.launcher <> - plugin [stdsrc] was disabled because it doesn't support the given collection type.
70 [126113370072768] INFO perfrun.launcher <> - plugin [sep] was disabled because it doesn't support the given collection type.
70 [126113370072768] INFO perfrun.launcher <> - plugin [vtsspp] was disabled because it doesn't support the given collection type.
70 [126113370072768] INFO perfrun.launcher <> - plugin [perf] was disabled because it doesn't support the given collection type.
70 [126113370072768] INFO perfrun.launcher <> - plugin [aoclprofile] was disabled because it doesn't support the given collection type.
70 [126113370072768] INFO perfrun.tpss <> - initialize tpss controller
70 [126113370072768] INFO perfrun.tpss <> - configure collection mode: value = cpu:stack
70 [126113370072768] INFO perfrun.tpss <> - default obj-size-min=1024
70 [126113370072768] INFO perfrun.tpss <> - default hash-table-size=0
70 [126113370072768] INFO perfrun.launcher <> - plugin [media] was disabled because it doesn't support the given collection type.
70 [126113370072768] INFO perfrun.launcher <> - plugin [] was disabled because it doesn't support the given collection type.
70 [126113370072768] INFO perfrun.launcher <> - plugin [] was disabled because it doesn't support the given collection type.
70 [126113370072768] INFO perfrun.launcher <> - plugin [parallelfs] was disabled because it doesn't support the given collection type.
70 [126113370072768] INFO perfrun.launcher <> - plugin [power] was disabled because it doesn't support the given collection type.
70 [126113370072768] INFO perfrun.launcher <> - plugin [] was disabled because it doesn't support the given collection type.
70 [126113370072768] INFO perfrun.launcher <> - plugin [] was disabled because it doesn't support the given collection type.
70 [126113370072768] INFO perfrun.launcher <> - plugin [] was disabled because it doesn't support the given collection type.
70 [126113370072768] INFO perfrun.launcher <> - plugin [l0_metrics] was disabled because it doesn't support the given collection type.
70 [126113370072768] INFO perfrun.launcher <> - plugin [stall_reasons] was disabled because it doesn't support the given collection type.
70 [126113530018752] INFO perfrun.launcher <> - set environment variable: LD_LIBRARY_PATH = /opt/intel/oneapi/vtune/2025.9/lib32/runtime:/opt/intel/oneapi/vtune/2025.9/lib64/runtime
70 [126113530018752] INFO perfrun.launcher <> - set environment variable: INTEL_LIBITTNOTIFY32 = /opt/intel/oneapi/vtune/2025.9/lib32/runtime/libittnotify_collector.so
70 [126113530018752] INFO perfrun.launcher <> - set environment variable: INTEL_LIBITTNOTIFY64 = /opt/intel/oneapi/vtune/2025.9/lib64/runtime/libittnotify_collector.so
70 [126113530018752] INFO perfrun.launcher <> - set environment variable: INTEL_ITTNOTIFY_GROUPS = 
70 [126113530018752] INFO perfrun.launcher <> - set environment variable: INTEL_JIT_PROFILER32 = /opt/intel/oneapi/vtune/2025.9/lib32/runtime/libittnotify_collector.so
70 [126113530018752] INFO perfrun.launcher <> - set environment variable: INTEL_JIT_PROFILER64 = /opt/intel/oneapi/vtune/2025.9/lib64/runtime/libittnotify_collector.so
70 [126113530018752] INFO perfrun.launcher <> - set environment variable: CCL_ITT_LEVEL = 1
70 [126113530018752] INFO perfrun.launcher <> - set environment variable: ENABLE_JITPROFILING = 1
70 [126113530018752] INFO perfrun.launcher <> - set environment variable: CL_CONFIG_USE_VTUNE = True
70 [126113530018752] INFO perfrun.launcher <> - set environment variable: KMP_FORKJOIN_FRAMES = 0
70 [126113530018752] INFO perfrun.launcher <> - set environment variable: KMP_FORKJOIN_FRAMES_MODE = 0
70 [126113530018752] INFO perfrun.launcher <> - set environment variable: INTEL_MRTE_DATA_DIR = /home/pacca/Desktop/Magistrale/computerArchitecture/progettoComputerArchitecture/cpu/r005hs/data.0
70 [126113530018752] INFO perfrun.launcher <> - set environment variable: INTEL_MRTE_HOST_NAME = PaccaPc
70 [126113530018752] INFO perfrun.launcher <> - set environment variable: JAVA_TOOL_OPTIONS = -agentlib:amplxe_samplingmrte_javaprof_1.0 -Dsun.boot.library.path=/opt/intel/oneapi/vtune/2025.9/lib32/runtime:/opt/intel/oneapi/vtune/2025.9/lib64/runtime
70 [126113530018752] INFO perfrun.launcher <> - set environment variable: LD_LIBRARY_PATH = /opt/intel/oneapi/vtune/2025.9/lib32/runtime:/opt/intel/oneapi/vtune/2025.9/lib64/runtime
70 [126113530018752] INFO perfrun.launcher <> - set environment variable: CORECLR_ENABLE_PROFILING = 1
70 [126113530018752] INFO perfrun.launcher <> - set environment variable: CORECLR_PROFILER = {AA5E4821-E3B1-479c-B7FF-5AD047D22CED}
70 [126113530018752] INFO perfrun.launcher <> - set environment variable: CORECLR_PROFILER_PATH = /opt/intel/oneapi/vtune/2025.9/lib64/libamplxe_samplingmrte_clrprof_1.0.so
70 [126113530018752] INFO perfrun.launcher <> - set environment variable: INTEL_MRTE_PROFILER_MODE = mixed
70 [126113530018752] INFO perfrun.launcher <> - RpcServer: run RPC server to handle requests
71 [126113530018752] INFO perfrun.launcher <> - Launcher: command line to start before modification = ./median_filter img3 20
71 [126113530018752] INFO perfrun.launcher <> - Launcher: command line to start after modification = /opt/intel/oneapi/vtune/2025.9/bin64/pin -error_file /home/pacca/Desktop/Magistrale/computerArchitecture/progettoComputerArchitecture/cpu/r005hs/data.0/pinerr.tpsslog -detach_reattach -follow_execv -tool_load_option deepbind -t64 /opt/intel/oneapi/vtune/2025.9/lib64/libtpsstool.so -t /opt/intel/oneapi/vtune/2025.9/lib32/libtpsstool.so -server_name tpss_ipc.21505 -prd_dir /opt/intel/oneapi/vtune/2025.9 -- ./median_filter img3 20
71 [126113530018752] INFO perfrun.launcher <> - ProcessCreator object was created
71 [126113530018752] INFO perfrun.launcher <> - Launcher: the process was started in suspend mode
72 [126113370072768] WARN perfrun.system <> - Could not do anything with /sys/kernel/debug/kvm: boost::filesystem::status: Permission denied [system:13]: "/sys/kernel/debug/kvm", at file: vcs/perfrun1/plugins/system/src/trace_writer.cpp:791
72 [126113370072768] WARN perfrun.system <> - Folder "/var/run/libvirt/qemu/"doesn't exist, at file: vcs/perfrun1/plugins/system/src/trace_writer.cpp:804
73 [126113370072768] WARN perfrun.sdk <> - Failed to find xl binary on any of the system paths: /bin, /sbin, /usr/bin, /usr/sbin., at file: vcs/perfrun1/sdk/src/utils.cpp:205
73 [126113370072768] WARN perfrun.system <> - Could not start ContainerMapping collector, at file: vcs/perfrun1/plugins/system/src/controller.cpp:450
93 [126113370072768] INFO perfrun.vdso <> - Helper runtool '/opt/intel/oneapi/vtune/2025.9/bin32/amplxe-runss -dump-vdso -r /home/pacca/Desktop/Magistrale/computerArchitecture/progettoComputerArchitecture/cpu/r005hs --tmp-dir /tmp/amplxe-tmp-pacca' returned 0
164 [126113370072768] INFO perfrun.vdso <> - Helper runtool '/opt/intel/oneapi/vtune/2025.9/bin64/amplxe-runss -dump-vdso -r /home/pacca/Desktop/Magistrale/computerArchitecture/progettoComputerArchitecture/cpu/r005hs --tmp-dir /tmp/amplxe-tmp-pacca' returned 0
164 [126113370072768] INFO perfrun.itt <> - start itt controller for pid #21510
164 [126113370072768] INFO perfrun.tpss <> - start tpss controller for pid #21510
214 [126113530018752] INFO perfrun.launcher <> - Launcher: all plugins were started
215 [126113530018752] INFO perfrun.launcher <> - DirectoryMonitor object was created
215 [126113530018752] INFO perfrun.launcher <> - DirectoryMonitor: a callback was added
215 [126113530018752] INFO perfrun.launcher <> - DirectoryMonitor was started with pingTime = 1000
215 [126113530018752] INFO perfrun.launcher <> - DeadlineTimer is going to be constructed
215 [126113530018752] INFO perfrun.launcher <> - DeadlineTimer: a callback was added
224 [126113530018752] INFO perfrun.launcher <> - Launcher: resume the profiled application and  wait its termination or stop command
2502 [126113530018752] INFO perfrun.launcher <> - Launcher: the profiled application was terminated  with exit code = 0
2505 [126113370072768] INFO perfrun.itt <> - detach itt controller
2505 [126113370072768] INFO perfrun.itt <> - detach itt controller done
2505 [126113370072768] INFO perfrun.tpss <> - stop tpss controller
2505 [126113370072768] INFO perfrun.sdk <> - De-allocating TMU: /home/pacca/Desktop/Magistrale/computerArchitecture/progettoComputerArchitecture/cpu/r005hs/data.0/systemcollector-21505-PaccaPc.sc
2505 [126113370072768] INFO perfrun.system <> - closed the system trace file: /home/pacca/Desktop/Magistrale/computerArchitecture/progettoComputerArchitecture/cpu/r005hs/data.0/systemcollector-21505-PaccaPc.sc
2506 [126113530018752] INFO perfrun.launcher <> - Launcher: all plugins were stopped.
2506 [126113530018752] INFO perfrun.launcher <> - DeadlineTimer is going to be destroyed
2506 [126113530018752] INFO perfrun.launcher <> - DeadlineTimer was destroyed
2506 [126113530018752] INFO perfrun.launcher <> - DirectoryMonitor object was destroyed
2506 [126113530018752] WARN perfrun.launcher <> - Stop command is ignored because it is received when collection is already stopped, at file: vcs/perfrun1/launcher/src/command_handler.cpp:226
2506 [126113530018752] INFO perfrun.launcher <> - Application exit code: 0
2506 [126113530018752] INFO perfrun.launcher <> - Exit code: 0
