3 [4021208832] INFO perfrun.launcher <> - Launcher main begin
6 [4021208832] INFO perfrun.launcher <> - MessageCatalogInit finished
6 [4021208832] INFO perfrun.launcher <> - Launcher instance created
6 [4021208832] INFO perfrun.launcher <> - argc = 6; cmdline = /opt/intel/oneapi/vtune/2025.9/bin32/amplxe-runss -dump-vdso -r /home/pacca/Desktop/Magistrale/computerArchitecture/progettoComputerArchitecture/cpu/versioni/r000hs --tmp-dir /tmp/amplxe-tmp-pacca 
12 [4021208832] INFO perfrun.launcher <> - create msngr2::ICliToolContext
12 [4021208832] INFO perfrun.launcher <> - create file finder object
16 [4020677440] INFO perfrun.launcher <> - plugin [remoteplug] was disabled because it doesn't support the given collection type.
16 [4020677440] INFO perfrun.launcher <> - plugin [] was disabled because it doesn't support the given collection type.
16 [4020677440] INFO perfrun.vdso <> - dumping [vdso] pseudomodule
17 [4020677440] INFO perfrun.launcher <> - plugin [] was disabled because it doesn't support the given collection type.
17 [4020677440] INFO perfrun.launcher <> - plugin [] was disabled because it doesn't support the given collection type.
17 [4020677440] INFO perfrun.launcher <> - plugin [] was disabled because it doesn't support the given collection type.
17 [4020677440] INFO perfrun.launcher <> - plugin [] was disabled because it doesn't support the given collection type.
17 [4020677440] INFO perfrun.launcher <> - plugin [] was disabled because it doesn't support the given collection type.
17 [4020677440] INFO perfrun.launcher <> - plugin [] was disabled because it doesn't support the given collection type.
17 [4020677440] INFO perfrun.launcher <> - plugin [] was disabled because it doesn't support the given collection type.
17 [4020677440] INFO perfrun.launcher <> - plugin [] was disabled because it doesn't support the given collection type.
17 [4020677440] INFO perfrun.launcher <> - plugin [] was disabled because it doesn't support the given collection type.
17 [4020677440] INFO perfrun.launcher <> - plugin [] was disabled because it doesn't support the given collection type.
17 [4020677440] INFO perfrun.launcher <> - plugin [] was disabled because it doesn't support the given collection type.
17 [4020677440] INFO perfrun.launcher <> - plugin [] was disabled because it doesn't support the given collection type.
17 [4020677440] INFO perfrun.launcher <> - plugin [] was disabled because it doesn't support the given collection type.
17 [4020677440] INFO perfrun.launcher <> - plugin [] was disabled because it doesn't support the given collection type.
17 [4020677440] INFO perfrun.launcher <> - plugin [] was disabled because it doesn't support the given collection type.
17 [4020677440] INFO perfrun.launcher <> - plugin [] was disabled because it doesn't support the given collection type.
17 [4020677440] INFO perfrun.launcher <> - plugin [] was disabled because it doesn't support the given collection type.
17 [4020677440] INFO perfrun.launcher <> - plugin [] was disabled because it doesn't support the given collection type.
17 [4020677440] INFO perfrun.launcher <> - plugin [] was disabled because it doesn't support the given collection type.
17 [4020677440] INFO perfrun.launcher <> - plugin [] was disabled because it doesn't support the given collection type.
17 [4020677440] INFO perfrun.launcher <> - plugin [] was disabled because it doesn't support the given collection type.
17 [4020677440] INFO perfrun.launcher <> - plugin [] was disabled because it doesn't support the given collection type.
17 [4020677440] INFO perfrun.launcher <> - plugin [] was disabled because it doesn't support the given collection type.
17 [4020677440] INFO perfrun.launcher <> - plugin [] was disabled because it doesn't support the given collection type.
17 [4020677440] INFO perfrun.launcher <> - plugin [] was disabled because it doesn't support the given collection type.
17 [4021208832] INFO perfrun.launcher <> - Application exit code: 0
17 [4021208832] INFO perfrun.launcher <> - Exit code: 0
