0 [128792578419648] INFO perfrun.launcher <> - Launcher main begin
0 [128792578419648] INFO perfrun.launcher <> - MessageCatalogInit finished
0 [128792578419648] INFO perfrun.launcher <> - Launcher instance created
0 [128792578419648] INFO perfrun.launcher <> - argc = 7; cmdline = /opt/intel/oneapi/vtune/2025.9/bin64/amplxe-runss --ui-output-format xml --ui-output-fd 5 --option-file /home/pacca/Desktop/Magistrale/computerArchitecture/progettoComputerArchitecture/cpu/r007hs/config/runss.options 
50 [128792578419648] INFO perfrun.perfcollector <> - SEP tool path: /opt/intel/oneapi/vtune/2025.9/bin64/sep
53 [128792578419648] INFO perfrun.launcher <> - create msngr2::ICliToolContext
53 [128792578419648] INFO perfrun.launcher <> - create file finder object
53 [128792578419648] INFO perfrun.launcher <> - create a result directory: pattern = /home/pacca/Desktop/Magistrale/computerArchitecture/progettoComputerArchitecture/cpu/r007hs pid = 4294967295
54 [128792578419648] INFO perfrun.sdk <> - checked that the directory /home/pacca/Desktop/Magistrale/computerArchitecture/progettoComputerArchitecture/cpu/r007hs is a local directory
54 [128792578419648] INFO perfrun.sdk <> - the directory /home/pacca/Desktop/Magistrale/computerArchitecture/progettoComputerArchitecture/cpu/r007hs is a local directory with FS type ID 61267
54 [128792578419648] INFO perfrun.launcher <> - create data directory = /home/pacca/Desktop/Magistrale/computerArchitecture/progettoComputerArchitecture/cpu/r007hs/data.0
54 [128792578419648] INFO perfrun.launcher <> - Creating the master collection flag
60 [128792578419648] INFO perfrun.launcher <> - Done creating the master collection flag
61 [128792418838208] INFO perfrun.launcher <> - plugin [remoteplug] was disabled because it doesn't support the given collection type.
61 [128792418838208] INFO perfrun.sdk <> - Allocating TMU :/home/pacca/Desktop/Magistrale/computerArchitecture/progettoComputerArchitecture/cpu/r007hs/data.0/systemcollector-38380-PaccaPc.sc
61 [128792418838208] INFO perfrun.system <> - Tpss based collection
62 [128792418838208] INFO perfrun.launcher <> - plugin [ptracecollector] was disabled because it doesn't support the given collection type.
62 [128792418838208] INFO perfrun.launcher <> - plugin [gpu] was disabled because it doesn't support the given collection type.
62 [128792418838208] INFO perfrun.launcher <> - plugin [] was disabled because it doesn't support the given collection type.
62 [128792418838208] INFO perfrun.launcher <> - plugin [] was disabled because it doesn't support the given collection type.
62 [128792418838208] INFO perfrun.launcher <> - plugin [] was disabled because it doesn't support the given collection type.
62 [128792418838208] INFO perfrun.mrte <> - system-wide mode is 0
62 [128792418838208] INFO perfrun.mrte <> - Getting  mrte profiling environment ...
67 [128792418838208] INFO perfrun.mrte <> - INTEL_MRTE_DATA_DIR=/home/pacca/Desktop/Magistrale/computerArchitecture/progettoComputerArchitecture/cpu/r007hs/data.0
67 [128792418838208] INFO perfrun.mrte <> - INTEL_MRTE_HOST_NAME=PaccaPc
67 [128792418838208] INFO perfrun.mrte <> - JAVA_TOOL_OPTIONS=-agentlib:amplxe_samplingmrte_javaprof_1.0 -Dsun.boot.library.path=/opt/intel/oneapi/vtune/2025.9/lib32/runtime:/opt/intel/oneapi/vtune/2025.9/lib64/runtime
67 [128792418838208] INFO perfrun.mrte <> - LD_LIBRARY_PATH=/opt/intel/oneapi/vtune/2025.9/lib32/runtime:/opt/intel/oneapi/vtune/2025.9/lib64/runtime
67 [128792418838208] INFO perfrun.mrte <> - CORECLR_ENABLE_PROFILING=1
67 [128792418838208] INFO perfrun.mrte <> - CORECLR_PROFILER={AA5E4821-E3B1-479c-B7FF-5AD047D22CED}
67 [128792418838208] INFO perfrun.mrte <> - CORECLR_PROFILER_PATH=/opt/intel/oneapi/vtune/2025.9/lib64/libamplxe_samplingmrte_clrprof_1.0.so
67 [128792418838208] INFO perfrun.mrte <> - INTEL_MRTE_PROFILER_MODE=mixed
67 [128792418838208] INFO perfrun.mrte <> - Data directory: /home/pacca/Desktop/Magistrale/computerArchitecture/progettoComputerArchitecture/cpu/r007hs/data.0
67 [128792418838208] INFO perfrun.mrte <> - Mrte plugin is initialized
67 [128792418838208] INFO perfrun.launcher <> - plugin [emon] was disabled because it doesn't support the given collection type.
67 [128792418838208] INFO perfrun.launcher <> - plugin [cuscol] was disabled because it doesn't support the given collection type.
67 [128792418838208] INFO perfrun.launcher <> - plugin [stdsrc] was disabled because it doesn't support the given collection type.
67 [128792418838208] INFO perfrun.launcher <> - plugin [sep] was disabled because it doesn't support the given collection type.
67 [128792418838208] INFO perfrun.launcher <> - plugin [vtsspp] was disabled because it doesn't support the given collection type.
67 [128792418838208] INFO perfrun.launcher <> - plugin [perf] was disabled because it doesn't support the given collection type.
67 [128792418838208] INFO perfrun.launcher <> - plugin [aoclprofile] was disabled because it doesn't support the given collection type.
67 [128792418838208] INFO perfrun.tpss <> - initialize tpss controller
67 [128792418838208] INFO perfrun.tpss <> - configure collection mode: value = cpu:stack
67 [128792418838208] INFO perfrun.tpss <> - default obj-size-min=1024
67 [128792418838208] INFO perfrun.tpss <> - default hash-table-size=0
67 [128792418838208] INFO perfrun.launcher <> - plugin [media] was disabled because it doesn't support the given collection type.
67 [128792418838208] INFO perfrun.launcher <> - plugin [] was disabled because it doesn't support the given collection type.
67 [128792418838208] INFO perfrun.launcher <> - plugin [] was disabled because it doesn't support the given collection type.
67 [128792418838208] INFO perfrun.launcher <> - plugin [parallelfs] was disabled because it doesn't support the given collection type.
67 [128792418838208] INFO perfrun.launcher <> - plugin [power] was disabled because it doesn't support the given collection type.
67 [128792418838208] INFO perfrun.launcher <> - plugin [] was disabled because it doesn't support the given collection type.
67 [128792418838208] INFO perfrun.launcher <> - plugin [] was disabled because it doesn't support the given collection type.
67 [128792418838208] INFO perfrun.launcher <> - plugin [] was disabled because it doesn't support the given collection type.
67 [128792418838208] INFO perfrun.launcher <> - plugin [l0_metrics] was disabled because it doesn't support the given collection type.
67 [128792418838208] INFO perfrun.launcher <> - plugin [stall_reasons] was disabled because it doesn't support the given collection type.
67 [128792578419648] INFO perfrun.launcher <> - set environment variable: LD_LIBRARY_PATH = /opt/intel/oneapi/vtune/2025.9/lib32/runtime:/opt/intel/oneapi/vtune/2025.9/lib64/runtime
68 [128792578419648] INFO perfrun.launcher <> - set environment variable: INTEL_LIBITTNOTIFY32 = /opt/intel/oneapi/vtune/2025.9/lib32/runtime/libittnotify_collector.so
68 [128792578419648] INFO perfrun.launcher <> - set environment variable: INTEL_LIBITTNOTIFY64 = /opt/intel/oneapi/vtune/2025.9/lib64/runtime/libittnotify_collector.so
68 [128792578419648] INFO perfrun.launcher <> - set environment variable: INTEL_ITTNOTIFY_GROUPS = 
68 [128792578419648] INFO perfrun.launcher <> - set environment variable: INTEL_JIT_PROFILER32 = /opt/intel/oneapi/vtune/2025.9/lib32/runtime/libittnotify_collector.so
68 [128792578419648] INFO perfrun.launcher <> - set environment variable: INTEL_JIT_PROFILER64 = /opt/intel/oneapi/vtune/2025.9/lib64/runtime/libittnotify_collector.so
68 [128792578419648] INFO perfrun.launcher <> - set environment variable: CCL_ITT_LEVEL = 1
68 [128792578419648] INFO perfrun.launcher <> - set environment variable: ENABLE_JITPROFILING = 1
68 [128792578419648] INFO perfrun.launcher <> - set environment variable: CL_CONFIG_USE_VTUNE = True
68 [128792578419648] INFO perfrun.launcher <> - set environment variable: KMP_FORKJOIN_FRAMES = 0
68 [128792578419648] INFO perfrun.launcher <> - set environment variable: KMP_FORKJOIN_FRAMES_MODE = 0
68 [128792578419648] INFO perfrun.launcher <> - set environment variable: INTEL_MRTE_DATA_DIR = /home/pacca/Desktop/Magistrale/computerArchitecture/progettoComputerArchitecture/cpu/r007hs/data.0
68 [128792578419648] INFO perfrun.launcher <> - set environment variable: INTEL_MRTE_HOST_NAME = PaccaPc
68 [128792578419648] INFO perfrun.launcher <> - set environment variable: JAVA_TOOL_OPTIONS = -agentlib:amplxe_samplingmrte_javaprof_1.0 -Dsun.boot.library.path=/opt/intel/oneapi/vtune/2025.9/lib32/runtime:/opt/intel/oneapi/vtune/2025.9/lib64/runtime
68 [128792578419648] INFO perfrun.launcher <> - set environment variable: LD_LIBRARY_PATH = /opt/intel/oneapi/vtune/2025.9/lib32/runtime:/opt/intel/oneapi/vtune/2025.9/lib64/runtime
68 [128792578419648] INFO perfrun.launcher <> - set environment variable: CORECLR_ENABLE_PROFILING = 1
68 [128792578419648] INFO perfrun.launcher <> - set environment variable: CORECLR_PROFILER = {AA5E4821-E3B1-479c-B7FF-5AD047D22CED}
68 [128792578419648] INFO perfrun.launcher <> - set environment variable: CORECLR_PROFILER_PATH = /opt/intel/oneapi/vtune/2025.9/lib64/libamplxe_samplingmrte_clrprof_1.0.so
68 [128792578419648] INFO perfrun.launcher <> - set environment variable: INTEL_MRTE_PROFILER_MODE = mixed
68 [128792578419648] INFO perfrun.launcher <> - RpcServer: run RPC server to handle requests
68 [128792578419648] INFO perfrun.launcher <> - Launcher: command line to start before modification = ./l4 img4 20 5 128
68 [128792578419648] INFO perfrun.launcher <> - Launcher: command line to start after modification = /opt/intel/oneapi/vtune/2025.9/bin64/pin -error_file /home/pacca/Desktop/Magistrale/computerArchitecture/progettoComputerArchitecture/cpu/r007hs/data.0/pinerr.tpsslog -detach_reattach -follow_execv -tool_load_option deepbind -t64 /opt/intel/oneapi/vtune/2025.9/lib64/libtpsstool.so -t /opt/intel/oneapi/vtune/2025.9/lib32/libtpsstool.so -server_name tpss_ipc.38380 -prd_dir /opt/intel/oneapi/vtune/2025.9 -- ./l4 img4 20 5 128
68 [128792578419648] INFO perfrun.launcher <> - ProcessCreator object was created
69 [128792578419648] INFO perfrun.launcher <> - Launcher: the process was started in suspend mode
70 [128792418838208] WARN perfrun.system <> - Could not do anything with /sys/kernel/debug/kvm: boost::filesystem::status: Permission denied [system:13]: "/sys/kernel/debug/kvm", at file: vcs/perfrun1/plugins/system/src/trace_writer.cpp:791
70 [128792418838208] WARN perfrun.system <> - Folder "/var/run/libvirt/qemu/"doesn't exist, at file: vcs/perfrun1/plugins/system/src/trace_writer.cpp:804
72 [128792418838208] WARN perfrun.sdk <> - Failed to find xl binary on any of the system paths: /bin, /sbin, /usr/bin, /usr/sbin., at file: vcs/perfrun1/sdk/src/utils.cpp:205
72 [128792418838208] WARN perfrun.system <> - Could not start ContainerMapping collector, at file: vcs/perfrun1/plugins/system/src/controller.cpp:450
90 [128792418838208] INFO perfrun.vdso <> - Helper runtool '/opt/intel/oneapi/vtune/2025.9/bin32/amplxe-runss -dump-vdso -r /home/pacca/Desktop/Magistrale/computerArchitecture/progettoComputerArchitecture/cpu/r007hs --tmp-dir /tmp/amplxe-tmp-pacca' returned 0
163 [128792418838208] INFO perfrun.vdso <> - Helper runtool '/opt/intel/oneapi/vtune/2025.9/bin64/amplxe-runss -dump-vdso -r /home/pacca/Desktop/Magistrale/computerArchitecture/progettoComputerArchitecture/cpu/r007hs --tmp-dir /tmp/amplxe-tmp-pacca' returned 0
163 [128792418838208] INFO perfrun.itt <> - start itt controller for pid #38385
163 [128792418838208] INFO perfrun.tpss <> - start tpss controller for pid #38385
213 [128792578419648] INFO perfrun.launcher <> - Launcher: all plugins were started
213 [128792578419648] INFO perfrun.launcher <> - DirectoryMonitor object was created
213 [128792578419648] INFO perfrun.launcher <> - DirectoryMonitor: a callback was added
213 [128792578419648] INFO perfrun.launcher <> - DirectoryMonitor was started with pingTime = 1000
213 [128792578419648] INFO perfrun.launcher <> - DeadlineTimer is going to be constructed
213 [128792578419648] INFO perfrun.launcher <> - DeadlineTimer: a callback was added
220 [128792578419648] INFO perfrun.launcher <> - Launcher: resume the profiled application and  wait its termination or stop command
16623 [128792578419648] INFO perfrun.launcher <> - Launcher: the profiled application was terminated  with exit code = 0
16626 [128792418838208] INFO perfrun.itt <> - detach itt controller
16626 [128792418838208] INFO perfrun.itt <> - detach itt controller done
16626 [128792418838208] INFO perfrun.tpss <> - stop tpss controller
16627 [128792418838208] INFO perfrun.sdk <> - De-allocating TMU: /home/pacca/Desktop/Magistrale/computerArchitecture/progettoComputerArchitecture/cpu/r007hs/data.0/systemcollector-38380-PaccaPc.sc
16627 [128792418838208] INFO perfrun.system <> - closed the system trace file: /home/pacca/Desktop/Magistrale/computerArchitecture/progettoComputerArchitecture/cpu/r007hs/data.0/systemcollector-38380-PaccaPc.sc
16627 [128792578419648] INFO perfrun.launcher <> - Launcher: all plugins were stopped.
16627 [128792578419648] INFO perfrun.launcher <> - DeadlineTimer is going to be destroyed
16627 [128792578419648] INFO perfrun.launcher <> - DeadlineTimer was destroyed
16627 [128792578419648] INFO perfrun.launcher <> - DirectoryMonitor object was destroyed
16627 [128792578419648] WARN perfrun.launcher <> - Stop command is ignored because it is received when collection is already stopped, at file: vcs/perfrun1/launcher/src/command_handler.cpp:226
16627 [128792578419648] INFO perfrun.launcher <> - Application exit code: 0
16627 [128792578419648] INFO perfrun.launcher <> - Exit code: 0
