0 [3951781632] INFO perfrun.launcher <> - Launcher main begin
0 [3951781632] INFO perfrun.launcher <> - MessageCatalogInit finished
0 [3951781632] INFO perfrun.launcher <> - Launcher instance created
0 [3951781632] INFO perfrun.launcher <> - argc = 6; cmdline = /opt/intel/oneapi/vtune/2025.9/bin32/amplxe-runss -dump-vdso -r /home/pacca/Desktop/Magistrale/computerArchitecture/progettoComputerArchitecture/cpu/r011tr --tmp-dir /tmp/amplxe-tmp-pacca 
6 [3951781632] INFO perfrun.launcher <> - create msngr2::ICliToolContext
6 [3951781632] INFO perfrun.launcher <> - create file finder object
9 [3951250240] INFO perfrun.launcher <> - plugin [remoteplug] was disabled because it doesn't support the given collection type.
9 [3951250240] INFO perfrun.launcher <> - plugin [] was disabled because it doesn't support the given collection type.
9 [3951250240] INFO perfrun.vdso <> - dumping [vdso] pseudomodule
9 [3951250240] INFO perfrun.launcher <> - plugin [] was disabled because it doesn't support the given collection type.
9 [3951250240] INFO perfrun.launcher <> - plugin [] was disabled because it doesn't support the given collection type.
9 [3951250240] INFO perfrun.launcher <> - plugin [] was disabled because it doesn't support the given collection type.
9 [3951250240] INFO perfrun.launcher <> - plugin [] was disabled because it doesn't support the given collection type.
9 [3951250240] INFO perfrun.launcher <> - plugin [] was disabled because it doesn't support the given collection type.
9 [3951250240] INFO perfrun.launcher <> - plugin [] was disabled because it doesn't support the given collection type.
9 [3951250240] INFO perfrun.launcher <> - plugin [] was disabled because it doesn't support the given collection type.
9 [3951250240] INFO perfrun.launcher <> - plugin [] was disabled because it doesn't support the given collection type.
9 [3951250240] INFO perfrun.launcher <> - plugin [] was disabled because it doesn't support the given collection type.
9 [3951250240] INFO perfrun.launcher <> - plugin [] was disabled because it doesn't support the given collection type.
9 [3951250240] INFO perfrun.launcher <> - plugin [] was disabled because it doesn't support the given collection type.
9 [3951250240] INFO perfrun.launcher <> - plugin [] was disabled because it doesn't support the given collection type.
9 [3951250240] INFO perfrun.launcher <> - plugin [] was disabled because it doesn't support the given collection type.
9 [3951250240] INFO perfrun.launcher <> - plugin [] was disabled because it doesn't support the given collection type.
9 [3951250240] INFO perfrun.launcher <> - plugin [] was disabled because it doesn't support the given collection type.
9 [3951250240] INFO perfrun.launcher <> - plugin [] was disabled because it doesn't support the given collection type.
9 [3951250240] INFO perfrun.launcher <> - plugin [] was disabled because it doesn't support the given collection type.
9 [3951250240] INFO perfrun.launcher <> - plugin [] was disabled because it doesn't support the given collection type.
9 [3951250240] INFO perfrun.launcher <> - plugin [] was disabled because it doesn't support the given collection type.
9 [3951250240] INFO perfrun.launcher <> - plugin [] was disabled because it doesn't support the given collection type.
9 [3951250240] INFO perfrun.launcher <> - plugin [] was disabled because it doesn't support the given collection type.
9 [3951250240] INFO perfrun.launcher <> - plugin [] was disabled because it doesn't support the given collection type.
9 [3951250240] INFO perfrun.launcher <> - plugin [] was disabled because it doesn't support the given collection type.
9 [3951250240] INFO perfrun.launcher <> - plugin [] was disabled because it doesn't support the given collection type.
9 [3951250240] INFO perfrun.launcher <> - plugin [] was disabled because it doesn't support the given collection type.
10 [3951781632] INFO perfrun.launcher <> - Application exit code: 0
10 [3951781632] INFO perfrun.launcher <> - Exit code: 0
