0 [124779038850816] INFO perfrun.launcher <> - Launcher main begin
0 [124779038850816] INFO perfrun.launcher <> - MessageCatalogInit finished
0 [124779038850816] INFO perfrun.launcher <> - Launcher instance created
0 [124779038850816] INFO perfrun.launcher <> - argc = 7; cmdline = /opt/intel/oneapi/vtune/2025.10/bin64/amplxe-runss --ui-output-format xml --ui-output-fd 5 --option-file /home/pacca/Desktop/Magistrale/computerArchitecture/progettoComputerArchitecture/cpu/versioni/r011hs/config/runss.options 
55 [124779038850816] INFO perfrun.perfcollector <> - SEP tool path: /opt/intel/oneapi/vtune/2025.10/bin64/sep
59 [124779038850816] INFO perfrun.launcher <> - create msngr2::ICliToolContext
59 [124779038850816] INFO perfrun.launcher <> - create file finder object
59 [124779038850816] INFO perfrun.launcher <> - create a result directory: pattern = /home/pacca/Desktop/Magistrale/computerArchitecture/progettoComputerArchitecture/cpu/versioni/r011hs pid = 4294967295
60 [124779038850816] INFO perfrun.sdk <> - checked that the directory /home/pacca/Desktop/Magistrale/computerArchitecture/progettoComputerArchitecture/cpu/versioni/r011hs is a local directory
60 [124779038850816] INFO perfrun.sdk <> - the directory /home/pacca/Desktop/Magistrale/computerArchitecture/progettoComputerArchitecture/cpu/versioni/r011hs is a local directory with FS type ID 61267
60 [124779038850816] INFO perfrun.launcher <> - create data directory = /home/pacca/Desktop/Magistrale/computerArchitecture/progettoComputerArchitecture/cpu/versioni/r011hs/data.0
60 [124779038850816] INFO perfrun.launcher <> - Creating the master collection flag
66 [124779038850816] INFO perfrun.launcher <> - Done creating the master collection flag
67 [124778883049152] INFO perfrun.launcher <> - plugin [remoteplug] was disabled because it doesn't support the given collection type.
67 [124778883049152] INFO perfrun.sdk <> - Allocating TMU :/home/pacca/Desktop/Magistrale/computerArchitecture/progettoComputerArchitecture/cpu/versioni/r011hs/data.0/systemcollector-41576-PaccaPc.sc
67 [124778883049152] INFO perfrun.system <> - Tpss based collection
67 [124778883049152] INFO perfrun.launcher <> - plugin [ptracecollector] was disabled because it doesn't support the given collection type.
67 [124778883049152] INFO perfrun.launcher <> - plugin [gpu] was disabled because it doesn't support the given collection type.
67 [124778883049152] INFO perfrun.launcher <> - plugin [] was disabled because it doesn't support the given collection type.
67 [124778883049152] INFO perfrun.launcher <> - plugin [] was disabled because it doesn't support the given collection type.
68 [124778883049152] INFO perfrun.launcher <> - plugin [] was disabled because it doesn't support the given collection type.
68 [124778883049152] INFO perfrun.mrte <> - system-wide mode is 0
68 [124778883049152] INFO perfrun.mrte <> - Getting  mrte profiling environment ...
74 [124778883049152] INFO perfrun.mrte <> - INTEL_MRTE_DATA_DIR=/home/pacca/Desktop/Magistrale/computerArchitecture/progettoComputerArchitecture/cpu/versioni/r011hs/data.0
74 [124778883049152] INFO perfrun.mrte <> - INTEL_MRTE_HOST_NAME=PaccaPc
74 [124778883049152] INFO perfrun.mrte <> - JAVA_TOOL_OPTIONS=-agentlib:amplxe_samplingmrte_javaprof_1.0 -Dsun.boot.library.path=/opt/intel/oneapi/vtune/2025.10/lib32/runtime:/opt/intel/oneapi/vtune/2025.10/lib64/runtime
74 [124778883049152] INFO perfrun.mrte <> - LD_LIBRARY_PATH=/opt/intel/oneapi/vtune/2025.10/lib32/runtime:/opt/intel/oneapi/vtune/2025.10/lib64/runtime
74 [124778883049152] INFO perfrun.mrte <> - CORECLR_ENABLE_PROFILING=1
74 [124778883049152] INFO perfrun.mrte <> - CORECLR_PROFILER={AA5E4821-E3B1-479c-B7FF-5AD047D22CED}
74 [124778883049152] INFO perfrun.mrte <> - CORECLR_PROFILER_PATH=/opt/intel/oneapi/vtune/2025.10/lib64/libamplxe_samplingmrte_clrprof_1.0.so
74 [124778883049152] INFO perfrun.mrte <> - INTEL_MRTE_PROFILER_MODE=mixed
74 [124778883049152] INFO perfrun.mrte <> - Data directory: /home/pacca/Desktop/Magistrale/computerArchitecture/progettoComputerArchitecture/cpu/versioni/r011hs/data.0
74 [124778883049152] INFO perfrun.mrte <> - Mrte plugin is initialized
74 [124778883049152] INFO perfrun.sdk <> - runCmd: /opt/intel/oneapi/vtune/2025.10/bin64/emon -v
74 [124778883049152] INFO perfrun.sdk <> - runCmd started PID 41580
190 [124778883049152] INFO perfrun.emon <> - Extracted TSC Frequency = 2.688e+09 from emon -v
190 [124778883049152] INFO perfrun.metrics <> - PMU type is alderlake
190 [124778883049152] INFO perfrun.launcher <> - plugin [cuscol] was disabled because it doesn't support the given collection type.
190 [124778883049152] INFO perfrun.launcher <> - plugin [stdsrc] was disabled because it doesn't support the given collection type.
190 [124778883049152] INFO perfrun.launcher <> - plugin [sep] was disabled because it doesn't support the given collection type.
190 [124778883049152] INFO perfrun.launcher <> - plugin [vtsspp] was disabled because it doesn't support the given collection type.
190 [124778883049152] INFO perfrun.launcher <> - plugin [perf] was disabled because it doesn't support the given collection type.
190 [124778883049152] INFO perfrun.launcher <> - plugin [aoclprofile] was disabled because it doesn't support the given collection type.
190 [124778883049152] INFO perfrun.tpss <> - initialize tpss controller
190 [124778883049152] INFO perfrun.tpss <> - configure collection mode: value = cpu:stack
191 [124778883049152] INFO perfrun.tpss <> - default obj-size-min=1024
191 [124778883049152] INFO perfrun.tpss <> - default hash-table-size=0
191 [124778883049152] INFO perfrun.launcher <> - plugin [media] was disabled because it doesn't support the given collection type.
191 [124778883049152] INFO perfrun.launcher <> - plugin [] was disabled because it doesn't support the given collection type.
191 [124778883049152] INFO perfrun.launcher <> - plugin [] was disabled because it doesn't support the given collection type.
191 [124778883049152] INFO perfrun.launcher <> - plugin [parallelfs] was disabled because it doesn't support the given collection type.
191 [124778883049152] INFO perfrun.launcher <> - plugin [power] was disabled because it doesn't support the given collection type.
191 [124778883049152] INFO perfrun.launcher <> - plugin [] was disabled because it doesn't support the given collection type.
191 [124778883049152] INFO perfrun.launcher <> - plugin [] was disabled because it doesn't support the given collection type.
191 [124778883049152] INFO perfrun.launcher <> - plugin [] was disabled because it doesn't support the given collection type.
191 [124778883049152] INFO perfrun.launcher <> - plugin [l0_metrics] was disabled because it doesn't support the given collection type.
191 [124778883049152] INFO perfrun.launcher <> - plugin [stall_reasons] was disabled because it doesn't support the given collection type.
191 [124779038850816] INFO perfrun.launcher <> - set environment variable: LD_LIBRARY_PATH = /opt/intel/oneapi/vtune/2025.10/lib32/runtime:/opt/intel/oneapi/vtune/2025.10/lib64/runtime
191 [124779038850816] INFO perfrun.launcher <> - set environment variable: INTEL_LIBITTNOTIFY32 = /opt/intel/oneapi/vtune/2025.10/lib32/runtime/libittnotify_collector.so
191 [124779038850816] INFO perfrun.launcher <> - set environment variable: INTEL_LIBITTNOTIFY64 = /opt/intel/oneapi/vtune/2025.10/lib64/runtime/libittnotify_collector.so
191 [124779038850816] INFO perfrun.launcher <> - set environment variable: INTEL_ITTNOTIFY_GROUPS = 
191 [124779038850816] INFO perfrun.launcher <> - set environment variable: INTEL_JIT_PROFILER32 = /opt/intel/oneapi/vtune/2025.10/lib32/runtime/libittnotify_collector.so
191 [124779038850816] INFO perfrun.launcher <> - set environment variable: INTEL_JIT_PROFILER64 = /opt/intel/oneapi/vtune/2025.10/lib64/runtime/libittnotify_collector.so
191 [124779038850816] INFO perfrun.launcher <> - set environment variable: CCL_ITT_LEVEL = 1
191 [124779038850816] INFO perfrun.launcher <> - set environment variable: ENABLE_JITPROFILING = 1
191 [124779038850816] INFO perfrun.launcher <> - set environment variable: CL_CONFIG_USE_VTUNE = True
191 [124779038850816] INFO perfrun.launcher <> - set environment variable: KMP_FORKJOIN_FRAMES = 0
191 [124779038850816] INFO perfrun.launcher <> - set environment variable: KMP_FORKJOIN_FRAMES_MODE = 0
191 [124779038850816] INFO perfrun.launcher <> - set environment variable: INTEL_MRTE_DATA_DIR = /home/pacca/Desktop/Magistrale/computerArchitecture/progettoComputerArchitecture/cpu/versioni/r011hs/data.0
191 [124779038850816] INFO perfrun.launcher <> - set environment variable: INTEL_MRTE_HOST_NAME = PaccaPc
191 [124779038850816] INFO perfrun.launcher <> - set environment variable: JAVA_TOOL_OPTIONS = -agentlib:amplxe_samplingmrte_javaprof_1.0 -Dsun.boot.library.path=/opt/intel/oneapi/vtune/2025.10/lib32/runtime:/opt/intel/oneapi/vtune/2025.10/lib64/runtime
191 [124779038850816] INFO perfrun.launcher <> - set environment variable: LD_LIBRARY_PATH = /opt/intel/oneapi/vtune/2025.10/lib32/runtime:/opt/intel/oneapi/vtune/2025.10/lib64/runtime
191 [124779038850816] INFO perfrun.launcher <> - set environment variable: CORECLR_ENABLE_PROFILING = 1
191 [124779038850816] INFO perfrun.launcher <> - set environment variable: CORECLR_PROFILER = {AA5E4821-E3B1-479c-B7FF-5AD047D22CED}
191 [124779038850816] INFO perfrun.launcher <> - set environment variable: CORECLR_PROFILER_PATH = /opt/intel/oneapi/vtune/2025.10/lib64/libamplxe_samplingmrte_clrprof_1.0.so
191 [124779038850816] INFO perfrun.launcher <> - set environment variable: INTEL_MRTE_PROFILER_MODE = mixed
191 [124779038850816] INFO perfrun.launcher <> - RpcServer: run RPC server to handle requests
191 [124779038850816] INFO perfrun.launcher <> - Launcher: command line to start before modification = ./v3 img1 13 5 256
191 [124779038850816] INFO perfrun.launcher <> - Launcher: command line to start after modification = /opt/intel/oneapi/vtune/2025.10/bin64/pin -error_file /home/pacca/Desktop/Magistrale/computerArchitecture/progettoComputerArchitecture/cpu/versioni/r011hs/data.0/pinerr.tpsslog -detach_reattach -follow_execv -tool_load_option deepbind -t64 /opt/intel/oneapi/vtune/2025.10/lib64/libtpsstool.so -t /opt/intel/oneapi/vtune/2025.10/lib32/libtpsstool.so -server_name tpss_ipc.41576 -prd_dir /opt/intel/oneapi/vtune/2025.10 -- ./v3 img1 13 5 256
191 [124779038850816] INFO perfrun.launcher <> - ProcessCreator object was created
192 [124779038850816] INFO perfrun.launcher <> - Launcher: the process was started in suspend mode
202 [124778883049152] WARN perfrun.system <> - Could not do anything with /sys/kernel/debug/kvm: boost::filesystem::status: Permission denied [system:13]: "/sys/kernel/debug/kvm", at file: vcs/perfrun1/plugins/system/src/trace_writer.cpp:791
202 [124778883049152] WARN perfrun.system <> - Folder "/var/run/libvirt/qemu/"doesn't exist, at file: vcs/perfrun1/plugins/system/src/trace_writer.cpp:804
203 [124778883049152] WARN perfrun.sdk <> - Failed to find xl binary on any of the system paths: /bin, /sbin, /usr/bin, /usr/sbin., at file: vcs/perfrun1/sdk/src/utils.cpp:205
203 [124778883049152] WARN perfrun.system <> - Could not start ContainerMapping collector, at file: vcs/perfrun1/plugins/system/src/controller.cpp:450
223 [124778883049152] INFO perfrun.vdso <> - Helper runtool '/opt/intel/oneapi/vtune/2025.10/bin32/amplxe-runss -dump-vdso -r /home/pacca/Desktop/Magistrale/computerArchitecture/progettoComputerArchitecture/cpu/versioni/r011hs --tmp-dir /tmp/amplxe-tmp-pacca' returned 0
294 [124778883049152] INFO perfrun.vdso <> - Helper runtool '/opt/intel/oneapi/vtune/2025.10/bin64/amplxe-runss -dump-vdso -r /home/pacca/Desktop/Magistrale/computerArchitecture/progettoComputerArchitecture/cpu/versioni/r011hs --tmp-dir /tmp/amplxe-tmp-pacca' returned 0
295 [124778883049152] INFO perfrun.itt <> - start itt controller for pid #41583
295 [124778883049152] INFO perfrun.sdk <> - runCmd: /opt/intel/oneapi/vtune/2025.10/bin64/emon -M
295 [124778883049152] INFO perfrun.sdk <> - runCmd started PID 41590
404 [124778883049152] INFO perfrun.sdk <> - runCmd: /opt/intel/oneapi/vtune/2025.10/bin64/emon -v
404 [124778883049152] INFO perfrun.sdk <> - runCmd started PID 41591
517 [124778883049152] INFO perfrun.sdk <> - runCmd: /opt/intel/oneapi/vtune/2025.10/bin64/sep -dry-run -ec CPU_CLK_UNHALTED.THREAD:sa=2700000,CPU_CLK_UNHALTED.REF_TSC:sample:sa=2700000,INST_RETIRED.ANY:sample:sa=2700000,CPU_CLK_UNHALTED.DISTRIBUTED:sa=2700000,FP_ARITH_INST_RETIRED.SCALAR_SINGLE:sa=2000003,FP_ARITH_INST_RETIRED.128B_PACKED_SINGLE:sa=2000003,FP_ARITH_INST_RETIRED.256B_PACKED_SINGLE:sa=2000003,FP_ARITH_INST_RETIRED.SCALAR_DOUBLE:sa=2000003,FP_ARITH_INST_RETIRED.128B_PACKED_DOUBLE:sa=2000003,FP_ARITH_INST_RETIRED.256B_PACKED_DOUBLE:sa=2000003,UOPS_EXECUTED.X87:sa=2000003,UOPS_RETIRED.SLOTS:sa=2000003,UOPS_EXECUTED.THREAD:sa=2000003,TOPDOWN.SLOTS:perf_metrics:sample:sa=2000003,TOPDOWN_RETIRING.ALL:sample:sa=2000003 -experimental
517 [124778883049152] INFO perfrun.sdk <> - runCmd started PID 41593
627 [124778883049152] INFO perfrun.emon <> - Spawned collector thread
627 [124778782381760] INFO perfrun.sdk <> - runCmd: /opt/intel/oneapi/vtune/2025.10/bin64/emon -u -t 0.050 -l0 -C CPU_CLK_UNHALTED.DISTRIBUTED,CPU_CLK_UNHALTED.REF_TSC,CPU_CLK_UNHALTED.THREAD,FP_ARITH_INST_RETIRED.128B_PACKED_DOUBLE,FP_ARITH_INST_RETIRED.128B_PACKED_SINGLE,FP_ARITH_INST_RETIRED.256B_PACKED_DOUBLE,FP_ARITH_INST_RETIRED.256B_PACKED_SINGLE,FP_ARITH_INST_RETIRED.SCALAR_DOUBLE,FP_ARITH_INST_RETIRED.SCALAR_SINGLE,INST_RETIRED.ANY,TOPDOWN.SLOTS:perf_metrics,TOPDOWN_RETIRING.ALL,UOPS_EXECUTED.THREAD,UOPS_EXECUTED.X87,UOPS_RETIRED.SLOTS -experimental
628 [124778782381760] INFO perfrun.sdk <> - runCmd started PID 41595
893 [124778883049152] INFO perfrun.tpss <> - start tpss controller for pid #41583
943 [124779038850816] INFO perfrun.launcher <> - Launcher: all plugins were started
943 [124779038850816] INFO perfrun.launcher <> - DirectoryMonitor object was created
944 [124779038850816] INFO perfrun.launcher <> - DirectoryMonitor: a callback was added
944 [124779038850816] INFO perfrun.launcher <> - DirectoryMonitor was started with pingTime = 1000
944 [124779038850816] INFO perfrun.launcher <> - DeadlineTimer is going to be constructed
944 [124779038850816] INFO perfrun.launcher <> - DeadlineTimer: a callback was added
959 [124779038850816] INFO perfrun.launcher <> - Launcher: resume the profiled application and  wait its termination or stop command
17371 [124779038850816] INFO perfrun.launcher <> - Launcher: the profiled application was terminated  with exit code = 0
17374 [124778883049152] INFO perfrun.itt <> - detach itt controller
17374 [124778883049152] INFO perfrun.itt <> - detach itt controller done
17374 [124778883049152] INFO perfrun.sdk <> - runCmd: /opt/intel/oneapi/vtune/2025.10/bin64/emon -stop
17374 [124778883049152] INFO perfrun.sdk <> - runCmd started PID 41707
17511 [124778782381760] WARN perfrun.emon_output <> - TimeKeeper: the time is being asked while the time keeper object is armed. This may mean that the time for the last group is getting reused as the time for this group
17511 [124778782381760] INFO perfrun.emon_output <> - Collector process exited successfully
17532 [124778883049152] INFO perfrun.emon <> - EMON collector successfully stopped.

17532 [124778883049152] INFO perfrun.tpss <> - stop tpss controller
17532 [124778883049152] INFO perfrun.sdk <> - De-allocating TMU: /home/pacca/Desktop/Magistrale/computerArchitecture/progettoComputerArchitecture/cpu/versioni/r011hs/data.0/systemcollector-41576-PaccaPc.sc
17532 [124778883049152] INFO perfrun.system <> - closed the system trace file: /home/pacca/Desktop/Magistrale/computerArchitecture/progettoComputerArchitecture/cpu/versioni/r011hs/data.0/systemcollector-41576-PaccaPc.sc
17532 [124779038850816] INFO perfrun.launcher <> - Launcher: all plugins were stopped.
17532 [124779038850816] INFO perfrun.launcher <> - DeadlineTimer is going to be destroyed
17532 [124779038850816] INFO perfrun.launcher <> - DeadlineTimer was destroyed
17532 [124779038850816] INFO perfrun.launcher <> - DirectoryMonitor object was destroyed
17532 [124779038850816] WARN perfrun.launcher <> - Stop command is ignored because it is received when collection is already stopped, at file: vcs/perfrun1/launcher/src/command_handler.cpp:226
17532 [124779038850816] INFO perfrun.launcher <> - Application exit code: 0
17532 [124779038850816] INFO perfrun.launcher <> - Exit code: 0
