0 [3948971776] INFO perfrun.launcher <> - Launcher main begin
0 [3948971776] INFO perfrun.launcher <> - MessageCatalogInit finished
0 [3948971776] INFO perfrun.launcher <> - Launcher instance created
0 [3948971776] INFO perfrun.launcher <> - argc = 6; cmdline = /opt/intel/oneapi/vtune/2025.9/bin32/amplxe-runss -dump-vdso -r /home/pacca/Desktop/Magistrale/computerArchitecture/progettoComputerArchitecture/cpu/r008hs --tmp-dir /tmp/amplxe-tmp-pacca 
5 [3948971776] INFO perfrun.launcher <> - create msngr2::ICliToolContext
5 [3948971776] INFO perfrun.launcher <> - create file finder object
8 [3948440384] INFO perfrun.launcher <> - plugin [remoteplug] was disabled because it doesn't support the given collection type.
8 [3948440384] INFO perfrun.launcher <> - plugin [] was disabled because it doesn't support the given collection type.
8 [3948440384] INFO perfrun.vdso <> - dumping [vdso] pseudomodule
8 [3948440384] INFO perfrun.launcher <> - plugin [] was disabled because it doesn't support the given collection type.
8 [3948440384] INFO perfrun.launcher <> - plugin [] was disabled because it doesn't support the given collection type.
8 [3948440384] INFO perfrun.launcher <> - plugin [] was disabled because it doesn't support the given collection type.
8 [3948440384] INFO perfrun.launcher <> - plugin [] was disabled because it doesn't support the given collection type.
8 [3948440384] INFO perfrun.launcher <> - plugin [] was disabled because it doesn't support the given collection type.
8 [3948440384] INFO perfrun.launcher <> - plugin [] was disabled because it doesn't support the given collection type.
8 [3948440384] INFO perfrun.launcher <> - plugin [] was disabled because it doesn't support the given collection type.
8 [3948440384] INFO perfrun.launcher <> - plugin [] was disabled because it doesn't support the given collection type.
8 [3948440384] INFO perfrun.launcher <> - plugin [] was disabled because it doesn't support the given collection type.
8 [3948440384] INFO perfrun.launcher <> - plugin [] was disabled because it doesn't support the given collection type.
8 [3948440384] INFO perfrun.launcher <> - plugin [] was disabled because it doesn't support the given collection type.
8 [3948440384] INFO perfrun.launcher <> - plugin [] was disabled because it doesn't support the given collection type.
8 [3948440384] INFO perfrun.launcher <> - plugin [] was disabled because it doesn't support the given collection type.
8 [3948440384] INFO perfrun.launcher <> - plugin [] was disabled because it doesn't support the given collection type.
8 [3948440384] INFO perfrun.launcher <> - plugin [] was disabled because it doesn't support the given collection type.
8 [3948440384] INFO perfrun.launcher <> - plugin [] was disabled because it doesn't support the given collection type.
8 [3948440384] INFO perfrun.launcher <> - plugin [] was disabled because it doesn't support the given collection type.
8 [3948440384] INFO perfrun.launcher <> - plugin [] was disabled because it doesn't support the given collection type.
8 [3948440384] INFO perfrun.launcher <> - plugin [] was disabled because it doesn't support the given collection type.
8 [3948440384] INFO perfrun.launcher <> - plugin [] was disabled because it doesn't support the given collection type.
8 [3948440384] INFO perfrun.launcher <> - plugin [] was disabled because it doesn't support the given collection type.
8 [3948440384] INFO perfrun.launcher <> - plugin [] was disabled because it doesn't support the given collection type.
8 [3948440384] INFO perfrun.launcher <> - plugin [] was disabled because it doesn't support the given collection type.
8 [3948440384] INFO perfrun.launcher <> - plugin [] was disabled because it doesn't support the given collection type.
8 [3948440384] INFO perfrun.launcher <> - plugin [] was disabled because it doesn't support the given collection type.
8 [3948971776] INFO perfrun.launcher <> - Application exit code: 0
8 [3948971776] INFO perfrun.launcher <> - Exit code: 0
