0 [3916285696] INFO perfrun.launcher <> - Launcher main begin
0 [3916285696] INFO perfrun.launcher <> - MessageCatalogInit finished
0 [3916285696] INFO perfrun.launcher <> - Launcher instance created
0 [3916285696] INFO perfrun.launcher <> - argc = 6; cmdline = /opt/intel/oneapi/vtune/2025.9/bin32/amplxe-runss -dump-vdso -r /home/pacca/Desktop/Magistrale/computerArchitecture/progettoComputerArchitecture/cpu/r008hs --tmp-dir /tmp/amplxe-tmp-pacca 
7 [3916285696] INFO perfrun.launcher <> - create msngr2::ICliToolContext
7 [3916285696] INFO perfrun.launcher <> - create file finder object
10 [3915754304] INFO perfrun.launcher <> - plugin [remoteplug] was disabled because it doesn't support the given collection type.
10 [3915754304] INFO perfrun.launcher <> - plugin [] was disabled because it doesn't support the given collection type.
10 [3915754304] INFO perfrun.vdso <> - dumping [vdso] pseudomodule
10 [3915754304] INFO perfrun.launcher <> - plugin [] was disabled because it doesn't support the given collection type.
10 [3915754304] INFO perfrun.launcher <> - plugin [] was disabled because it doesn't support the given collection type.
10 [3915754304] INFO perfrun.launcher <> - plugin [] was disabled because it doesn't support the given collection type.
10 [3915754304] INFO perfrun.launcher <> - plugin [] was disabled because it doesn't support the given collection type.
10 [3915754304] INFO perfrun.launcher <> - plugin [] was disabled because it doesn't support the given collection type.
10 [3915754304] INFO perfrun.launcher <> - plugin [] was disabled because it doesn't support the given collection type.
10 [3915754304] INFO perfrun.launcher <> - plugin [] was disabled because it doesn't support the given collection type.
10 [3915754304] INFO perfrun.launcher <> - plugin [] was disabled because it doesn't support the given collection type.
10 [3915754304] INFO perfrun.launcher <> - plugin [] was disabled because it doesn't support the given collection type.
10 [3915754304] INFO perfrun.launcher <> - plugin [] was disabled because it doesn't support the given collection type.
10 [3915754304] INFO perfrun.launcher <> - plugin [] was disabled because it doesn't support the given collection type.
10 [3915754304] INFO perfrun.launcher <> - plugin [] was disabled because it doesn't support the given collection type.
10 [3915754304] INFO perfrun.launcher <> - plugin [] was disabled because it doesn't support the given collection type.
10 [3915754304] INFO perfrun.launcher <> - plugin [] was disabled because it doesn't support the given collection type.
10 [3915754304] INFO perfrun.launcher <> - plugin [] was disabled because it doesn't support the given collection type.
10 [3915754304] INFO perfrun.launcher <> - plugin [] was disabled because it doesn't support the given collection type.
10 [3915754304] INFO perfrun.launcher <> - plugin [] was disabled because it doesn't support the given collection type.
10 [3915754304] INFO perfrun.launcher <> - plugin [] was disabled because it doesn't support the given collection type.
10 [3915754304] INFO perfrun.launcher <> - plugin [] was disabled because it doesn't support the given collection type.
10 [3915754304] INFO perfrun.launcher <> - plugin [] was disabled because it doesn't support the given collection type.
10 [3915754304] INFO perfrun.launcher <> - plugin [] was disabled because it doesn't support the given collection type.
10 [3915754304] INFO perfrun.launcher <> - plugin [] was disabled because it doesn't support the given collection type.
10 [3915754304] INFO perfrun.launcher <> - plugin [] was disabled because it doesn't support the given collection type.
10 [3915754304] INFO perfrun.launcher <> - plugin [] was disabled because it doesn't support the given collection type.
10 [3915754304] INFO perfrun.launcher <> - plugin [] was disabled because it doesn't support the given collection type.
10 [3916285696] INFO perfrun.launcher <> - Application exit code: 0
10 [3916285696] INFO perfrun.launcher <> - Exit code: 0
