0 [4070749952] INFO perfrun.launcher <> - Launcher main begin
1 [4070749952] INFO perfrun.launcher <> - MessageCatalogInit finished
1 [4070749952] INFO perfrun.launcher <> - Launcher instance created
1 [4070749952] INFO perfrun.launcher <> - argc = 6; cmdline = /opt/intel/oneapi/vtune/2025.9/bin32/amplxe-runss -dump-vdso -r /home/pacca/Desktop/Magistrale/computerArchitecture/progettoComputerArchitecture/cpu/r000hs --tmp-dir /tmp/amplxe-tmp-pacca 
6 [4070749952] INFO perfrun.launcher <> - create msngr2::ICliToolContext
6 [4070749952] INFO perfrun.launcher <> - create file finder object
9 [4070218560] INFO perfrun.launcher <> - plugin [remoteplug] was disabled because it doesn't support the given collection type.
9 [4070218560] INFO perfrun.launcher <> - plugin [] was disabled because it doesn't support the given collection type.
9 [4070218560] INFO perfrun.vdso <> - dumping [vdso] pseudomodule
10 [4070218560] INFO perfrun.launcher <> - plugin [] was disabled because it doesn't support the given collection type.
10 [4070218560] INFO perfrun.launcher <> - plugin [] was disabled because it doesn't support the given collection type.
10 [4070218560] INFO perfrun.launcher <> - plugin [] was disabled because it doesn't support the given collection type.
10 [4070218560] INFO perfrun.launcher <> - plugin [] was disabled because it doesn't support the given collection type.
10 [4070218560] INFO perfrun.launcher <> - plugin [] was disabled because it doesn't support the given collection type.
10 [4070218560] INFO perfrun.launcher <> - plugin [] was disabled because it doesn't support the given collection type.
10 [4070218560] INFO perfrun.launcher <> - plugin [] was disabled because it doesn't support the given collection type.
10 [4070218560] INFO perfrun.launcher <> - plugin [] was disabled because it doesn't support the given collection type.
10 [4070218560] INFO perfrun.launcher <> - plugin [] was disabled because it doesn't support the given collection type.
10 [4070218560] INFO perfrun.launcher <> - plugin [] was disabled because it doesn't support the given collection type.
10 [4070218560] INFO perfrun.launcher <> - plugin [] was disabled because it doesn't support the given collection type.
10 [4070218560] INFO perfrun.launcher <> - plugin [] was disabled because it doesn't support the given collection type.
10 [4070218560] INFO perfrun.launcher <> - plugin [] was disabled because it doesn't support the given collection type.
10 [4070218560] INFO perfrun.launcher <> - plugin [] was disabled because it doesn't support the given collection type.
10 [4070218560] INFO perfrun.launcher <> - plugin [] was disabled because it doesn't support the given collection type.
10 [4070218560] INFO perfrun.launcher <> - plugin [] was disabled because it doesn't support the given collection type.
10 [4070218560] INFO perfrun.launcher <> - plugin [] was disabled because it doesn't support the given collection type.
10 [4070218560] INFO perfrun.launcher <> - plugin [] was disabled because it doesn't support the given collection type.
10 [4070218560] INFO perfrun.launcher <> - plugin [] was disabled because it doesn't support the given collection type.
10 [4070218560] INFO perfrun.launcher <> - plugin [] was disabled because it doesn't support the given collection type.
10 [4070218560] INFO perfrun.launcher <> - plugin [] was disabled because it doesn't support the given collection type.
10 [4070218560] INFO perfrun.launcher <> - plugin [] was disabled because it doesn't support the given collection type.
10 [4070218560] INFO perfrun.launcher <> - plugin [] was disabled because it doesn't support the given collection type.
10 [4070218560] INFO perfrun.launcher <> - plugin [] was disabled because it doesn't support the given collection type.
10 [4070218560] INFO perfrun.launcher <> - plugin [] was disabled because it doesn't support the given collection type.
10 [4070749952] INFO perfrun.launcher <> - Application exit code: 0
10 [4070749952] INFO perfrun.launcher <> - Exit code: 0
