3 [3875383040] INFO perfrun.launcher <> - Launcher main begin
5 [3875383040] INFO perfrun.launcher <> - MessageCatalogInit finished
5 [3875383040] INFO perfrun.launcher <> - Launcher instance created
5 [3875383040] INFO perfrun.launcher <> - argc = 6; cmdline = /opt/intel/oneapi/vtune/2025.9/bin32/amplxe-runss -dump-vdso -r /home/pacca/Desktop/Magistrale/computerArchitecture/progettoComputerArchitecture/cpu/r000hs --tmp-dir /tmp/amplxe-tmp-pacca 
12 [3875383040] INFO perfrun.launcher <> - create msngr2::ICliToolContext
12 [3875383040] INFO perfrun.launcher <> - create file finder object
16 [3874851648] INFO perfrun.launcher <> - plugin [remoteplug] was disabled because it doesn't support the given collection type.
16 [3874851648] INFO perfrun.launcher <> - plugin [] was disabled because it doesn't support the given collection type.
16 [3874851648] INFO perfrun.vdso <> - dumping [vdso] pseudomodule
16 [3874851648] INFO perfrun.launcher <> - plugin [] was disabled because it doesn't support the given collection type.
17 [3874851648] INFO perfrun.launcher <> - plugin [] was disabled because it doesn't support the given collection type.
17 [3874851648] INFO perfrun.launcher <> - plugin [] was disabled because it doesn't support the given collection type.
17 [3874851648] INFO perfrun.launcher <> - plugin [] was disabled because it doesn't support the given collection type.
17 [3874851648] INFO perfrun.launcher <> - plugin [] was disabled because it doesn't support the given collection type.
17 [3874851648] INFO perfrun.launcher <> - plugin [] was disabled because it doesn't support the given collection type.
17 [3874851648] INFO perfrun.launcher <> - plugin [] was disabled because it doesn't support the given collection type.
17 [3874851648] INFO perfrun.launcher <> - plugin [] was disabled because it doesn't support the given collection type.
17 [3874851648] INFO perfrun.launcher <> - plugin [] was disabled because it doesn't support the given collection type.
17 [3874851648] INFO perfrun.launcher <> - plugin [] was disabled because it doesn't support the given collection type.
17 [3874851648] INFO perfrun.launcher <> - plugin [] was disabled because it doesn't support the given collection type.
17 [3874851648] INFO perfrun.launcher <> - plugin [] was disabled because it doesn't support the given collection type.
17 [3874851648] INFO perfrun.launcher <> - plugin [] was disabled because it doesn't support the given collection type.
17 [3874851648] INFO perfrun.launcher <> - plugin [] was disabled because it doesn't support the given collection type.
17 [3874851648] INFO perfrun.launcher <> - plugin [] was disabled because it doesn't support the given collection type.
17 [3874851648] INFO perfrun.launcher <> - plugin [] was disabled because it doesn't support the given collection type.
17 [3874851648] INFO perfrun.launcher <> - plugin [] was disabled because it doesn't support the given collection type.
17 [3874851648] INFO perfrun.launcher <> - plugin [] was disabled because it doesn't support the given collection type.
17 [3874851648] INFO perfrun.launcher <> - plugin [] was disabled because it doesn't support the given collection type.
17 [3874851648] INFO perfrun.launcher <> - plugin [] was disabled because it doesn't support the given collection type.
17 [3874851648] INFO perfrun.launcher <> - plugin [] was disabled because it doesn't support the given collection type.
17 [3874851648] INFO perfrun.launcher <> - plugin [] was disabled because it doesn't support the given collection type.
17 [3874851648] INFO perfrun.launcher <> - plugin [] was disabled because it doesn't support the given collection type.
17 [3874851648] INFO perfrun.launcher <> - plugin [] was disabled because it doesn't support the given collection type.
17 [3874851648] INFO perfrun.launcher <> - plugin [] was disabled because it doesn't support the given collection type.
17 [3875383040] INFO perfrun.launcher <> - Application exit code: 0
17 [3875383040] INFO perfrun.launcher <> - Exit code: 0
