0 [124726936891136] INFO perfrun.launcher <> - Launcher main begin
0 [124726936891136] INFO perfrun.launcher <> - MessageCatalogInit finished
0 [124726936891136] INFO perfrun.launcher <> - Launcher instance created
0 [124726936891136] INFO perfrun.launcher <> - argc = 7; cmdline = /opt/intel/oneapi/vtune/2025.10/bin64/amplxe-runss --ui-output-format xml --ui-output-fd 5 --option-file /home/pacca/Desktop/Magistrale/computerArchitecture/progettoComputerArchitecture/cpu/versioni/r012hs/config/runss.options 
55 [124726936891136] INFO perfrun.perfcollector <> - SEP tool path: /opt/intel/oneapi/vtune/2025.10/bin64/sep
59 [124726936891136] INFO perfrun.launcher <> - create msngr2::ICliToolContext
59 [124726936891136] INFO perfrun.launcher <> - create file finder object
59 [124726936891136] INFO perfrun.launcher <> - create a result directory: pattern = /home/pacca/Desktop/Magistrale/computerArchitecture/progettoComputerArchitecture/cpu/versioni/r012hs pid = 4294967295
60 [124726936891136] INFO perfrun.sdk <> - checked that the directory /home/pacca/Desktop/Magistrale/computerArchitecture/progettoComputerArchitecture/cpu/versioni/r012hs is a local directory
60 [124726936891136] INFO perfrun.sdk <> - the directory /home/pacca/Desktop/Magistrale/computerArchitecture/progettoComputerArchitecture/cpu/versioni/r012hs is a local directory with FS type ID 61267
60 [124726936891136] INFO perfrun.launcher <> - create data directory = /home/pacca/Desktop/Magistrale/computerArchitecture/progettoComputerArchitecture/cpu/versioni/r012hs/data.0
60 [124726936891136] INFO perfrun.launcher <> - Creating the master collection flag
65 [124726936891136] INFO perfrun.launcher <> - Done creating the master collection flag
67 [124726777210560] INFO perfrun.launcher <> - plugin [remoteplug] was disabled because it doesn't support the given collection type.
67 [124726777210560] INFO perfrun.sdk <> - Allocating TMU :/home/pacca/Desktop/Magistrale/computerArchitecture/progettoComputerArchitecture/cpu/versioni/r012hs/data.0/systemcollector-41837-PaccaPc.sc
67 [124726777210560] INFO perfrun.system <> - Tpss based collection
67 [124726777210560] INFO perfrun.launcher <> - plugin [ptracecollector] was disabled because it doesn't support the given collection type.
67 [124726777210560] INFO perfrun.launcher <> - plugin [gpu] was disabled because it doesn't support the given collection type.
67 [124726777210560] INFO perfrun.launcher <> - plugin [] was disabled because it doesn't support the given collection type.
67 [124726777210560] INFO perfrun.launcher <> - plugin [] was disabled because it doesn't support the given collection type.
67 [124726777210560] INFO perfrun.launcher <> - plugin [] was disabled because it doesn't support the given collection type.
67 [124726777210560] INFO perfrun.mrte <> - system-wide mode is 0
67 [124726777210560] INFO perfrun.mrte <> - Getting  mrte profiling environment ...
73 [124726777210560] INFO perfrun.mrte <> - INTEL_MRTE_DATA_DIR=/home/pacca/Desktop/Magistrale/computerArchitecture/progettoComputerArchitecture/cpu/versioni/r012hs/data.0
73 [124726777210560] INFO perfrun.mrte <> - INTEL_MRTE_HOST_NAME=PaccaPc
73 [124726777210560] INFO perfrun.mrte <> - JAVA_TOOL_OPTIONS=-agentlib:amplxe_samplingmrte_javaprof_1.0 -Dsun.boot.library.path=/opt/intel/oneapi/vtune/2025.10/lib32/runtime:/opt/intel/oneapi/vtune/2025.10/lib64/runtime
73 [124726777210560] INFO perfrun.mrte <> - LD_LIBRARY_PATH=/opt/intel/oneapi/vtune/2025.10/lib32/runtime:/opt/intel/oneapi/vtune/2025.10/lib64/runtime
73 [124726777210560] INFO perfrun.mrte <> - CORECLR_ENABLE_PROFILING=1
73 [124726777210560] INFO perfrun.mrte <> - CORECLR_PROFILER={AA5E4821-E3B1-479c-B7FF-5AD047D22CED}
73 [124726777210560] INFO perfrun.mrte <> - CORECLR_PROFILER_PATH=/opt/intel/oneapi/vtune/2025.10/lib64/libamplxe_samplingmrte_clrprof_1.0.so
73 [124726777210560] INFO perfrun.mrte <> - INTEL_MRTE_PROFILER_MODE=mixed
73 [124726777210560] INFO perfrun.mrte <> - Data directory: /home/pacca/Desktop/Magistrale/computerArchitecture/progettoComputerArchitecture/cpu/versioni/r012hs/data.0
73 [124726777210560] INFO perfrun.mrte <> - Mrte plugin is initialized
73 [124726777210560] INFO perfrun.sdk <> - runCmd: /opt/intel/oneapi/vtune/2025.10/bin64/emon -v
73 [124726777210560] INFO perfrun.sdk <> - runCmd started PID 41841
187 [124726777210560] INFO perfrun.emon <> - Extracted TSC Frequency = 2.688e+09 from emon -v
187 [124726777210560] INFO perfrun.metrics <> - PMU type is alderlake
187 [124726777210560] INFO perfrun.launcher <> - plugin [cuscol] was disabled because it doesn't support the given collection type.
187 [124726777210560] INFO perfrun.launcher <> - plugin [stdsrc] was disabled because it doesn't support the given collection type.
187 [124726777210560] INFO perfrun.launcher <> - plugin [sep] was disabled because it doesn't support the given collection type.
187 [124726777210560] INFO perfrun.launcher <> - plugin [vtsspp] was disabled because it doesn't support the given collection type.
187 [124726777210560] INFO perfrun.launcher <> - plugin [perf] was disabled because it doesn't support the given collection type.
187 [124726777210560] INFO perfrun.launcher <> - plugin [aoclprofile] was disabled because it doesn't support the given collection type.
187 [124726777210560] INFO perfrun.tpss <> - initialize tpss controller
187 [124726777210560] INFO perfrun.tpss <> - configure collection mode: value = cpu:stack
187 [124726777210560] INFO perfrun.tpss <> - default obj-size-min=1024
187 [124726777210560] INFO perfrun.tpss <> - default hash-table-size=0
187 [124726777210560] INFO perfrun.launcher <> - plugin [media] was disabled because it doesn't support the given collection type.
187 [124726777210560] INFO perfrun.launcher <> - plugin [] was disabled because it doesn't support the given collection type.
187 [124726777210560] INFO perfrun.launcher <> - plugin [] was disabled because it doesn't support the given collection type.
187 [124726777210560] INFO perfrun.launcher <> - plugin [parallelfs] was disabled because it doesn't support the given collection type.
187 [124726777210560] INFO perfrun.launcher <> - plugin [power] was disabled because it doesn't support the given collection type.
187 [124726777210560] INFO perfrun.launcher <> - plugin [] was disabled because it doesn't support the given collection type.
187 [124726777210560] INFO perfrun.launcher <> - plugin [] was disabled because it doesn't support the given collection type.
187 [124726777210560] INFO perfrun.launcher <> - plugin [] was disabled because it doesn't support the given collection type.
187 [124726777210560] INFO perfrun.launcher <> - plugin [l0_metrics] was disabled because it doesn't support the given collection type.
187 [124726777210560] INFO perfrun.launcher <> - plugin [stall_reasons] was disabled because it doesn't support the given collection type.
187 [124726936891136] INFO perfrun.launcher <> - set environment variable: LD_LIBRARY_PATH = /opt/intel/oneapi/vtune/2025.10/lib32/runtime:/opt/intel/oneapi/vtune/2025.10/lib64/runtime
187 [124726936891136] INFO perfrun.launcher <> - set environment variable: INTEL_LIBITTNOTIFY32 = /opt/intel/oneapi/vtune/2025.10/lib32/runtime/libittnotify_collector.so
187 [124726936891136] INFO perfrun.launcher <> - set environment variable: INTEL_LIBITTNOTIFY64 = /opt/intel/oneapi/vtune/2025.10/lib64/runtime/libittnotify_collector.so
187 [124726936891136] INFO perfrun.launcher <> - set environment variable: INTEL_ITTNOTIFY_GROUPS = 
187 [124726936891136] INFO perfrun.launcher <> - set environment variable: INTEL_JIT_PROFILER32 = /opt/intel/oneapi/vtune/2025.10/lib32/runtime/libittnotify_collector.so
187 [124726936891136] INFO perfrun.launcher <> - set environment variable: INTEL_JIT_PROFILER64 = /opt/intel/oneapi/vtune/2025.10/lib64/runtime/libittnotify_collector.so
187 [124726936891136] INFO perfrun.launcher <> - set environment variable: CCL_ITT_LEVEL = 1
187 [124726936891136] INFO perfrun.launcher <> - set environment variable: ENABLE_JITPROFILING = 1
187 [124726936891136] INFO perfrun.launcher <> - set environment variable: CL_CONFIG_USE_VTUNE = True
187 [124726936891136] INFO perfrun.launcher <> - set environment variable: KMP_FORKJOIN_FRAMES = 0
187 [124726936891136] INFO perfrun.launcher <> - set environment variable: KMP_FORKJOIN_FRAMES_MODE = 0
187 [124726936891136] INFO perfrun.launcher <> - set environment variable: INTEL_MRTE_DATA_DIR = /home/pacca/Desktop/Magistrale/computerArchitecture/progettoComputerArchitecture/cpu/versioni/r012hs/data.0
187 [124726936891136] INFO perfrun.launcher <> - set environment variable: INTEL_MRTE_HOST_NAME = PaccaPc
187 [124726936891136] INFO perfrun.launcher <> - set environment variable: JAVA_TOOL_OPTIONS = -agentlib:amplxe_samplingmrte_javaprof_1.0 -Dsun.boot.library.path=/opt/intel/oneapi/vtune/2025.10/lib32/runtime:/opt/intel/oneapi/vtune/2025.10/lib64/runtime
187 [124726936891136] INFO perfrun.launcher <> - set environment variable: LD_LIBRARY_PATH = /opt/intel/oneapi/vtune/2025.10/lib32/runtime:/opt/intel/oneapi/vtune/2025.10/lib64/runtime
187 [124726936891136] INFO perfrun.launcher <> - set environment variable: CORECLR_ENABLE_PROFILING = 1
187 [124726936891136] INFO perfrun.launcher <> - set environment variable: CORECLR_PROFILER = {AA5E4821-E3B1-479c-B7FF-5AD047D22CED}
187 [124726936891136] INFO perfrun.launcher <> - set environment variable: CORECLR_PROFILER_PATH = /opt/intel/oneapi/vtune/2025.10/lib64/libamplxe_samplingmrte_clrprof_1.0.so
187 [124726936891136] INFO perfrun.launcher <> - set environment variable: INTEL_MRTE_PROFILER_MODE = mixed
187 [124726936891136] INFO perfrun.launcher <> - RpcServer: run RPC server to handle requests
187 [124726936891136] INFO perfrun.launcher <> - Launcher: command line to start before modification = ./v3 img1 13 5 256
187 [124726936891136] INFO perfrun.launcher <> - Launcher: command line to start after modification = /opt/intel/oneapi/vtune/2025.10/bin64/pin -error_file /home/pacca/Desktop/Magistrale/computerArchitecture/progettoComputerArchitecture/cpu/versioni/r012hs/data.0/pinerr.tpsslog -detach_reattach -follow_execv -tool_load_option deepbind -t64 /opt/intel/oneapi/vtune/2025.10/lib64/libtpsstool.so -t /opt/intel/oneapi/vtune/2025.10/lib32/libtpsstool.so -server_name tpss_ipc.41837 -prd_dir /opt/intel/oneapi/vtune/2025.10 -- ./v3 img1 13 5 256
187 [124726936891136] INFO perfrun.launcher <> - ProcessCreator object was created
188 [124726936891136] INFO perfrun.launcher <> - Launcher: the process was started in suspend mode
189 [124726777210560] WARN perfrun.system <> - Could not do anything with /sys/kernel/debug/kvm: boost::filesystem::status: Permission denied [system:13]: "/sys/kernel/debug/kvm", at file: vcs/perfrun1/plugins/system/src/trace_writer.cpp:791
189 [124726777210560] WARN perfrun.system <> - Folder "/var/run/libvirt/qemu/"doesn't exist, at file: vcs/perfrun1/plugins/system/src/trace_writer.cpp:804
189 [124726777210560] WARN perfrun.sdk <> - Failed to find xl binary on any of the system paths: /bin, /sbin, /usr/bin, /usr/sbin., at file: vcs/perfrun1/sdk/src/utils.cpp:205
189 [124726777210560] WARN perfrun.system <> - Could not start ContainerMapping collector, at file: vcs/perfrun1/plugins/system/src/controller.cpp:450
218 [124726777210560] INFO perfrun.vdso <> - Helper runtool '/opt/intel/oneapi/vtune/2025.10/bin32/amplxe-runss -dump-vdso -r /home/pacca/Desktop/Magistrale/computerArchitecture/progettoComputerArchitecture/cpu/versioni/r012hs --tmp-dir /tmp/amplxe-tmp-pacca' returned 0
284 [124726777210560] INFO perfrun.vdso <> - Helper runtool '/opt/intel/oneapi/vtune/2025.10/bin64/amplxe-runss -dump-vdso -r /home/pacca/Desktop/Magistrale/computerArchitecture/progettoComputerArchitecture/cpu/versioni/r012hs --tmp-dir /tmp/amplxe-tmp-pacca' returned 0
284 [124726777210560] INFO perfrun.itt <> - start itt controller for pid #41844
284 [124726777210560] INFO perfrun.sdk <> - runCmd: /opt/intel/oneapi/vtune/2025.10/bin64/emon -M
285 [124726777210560] INFO perfrun.sdk <> - runCmd started PID 41852
395 [124726777210560] INFO perfrun.sdk <> - runCmd: /opt/intel/oneapi/vtune/2025.10/bin64/emon -v
395 [124726777210560] INFO perfrun.sdk <> - runCmd started PID 41853
509 [124726777210560] INFO perfrun.sdk <> - runCmd: /opt/intel/oneapi/vtune/2025.10/bin64/sep -dry-run -ec CPU_CLK_UNHALTED.THREAD:sa=2700000,CPU_CLK_UNHALTED.REF_TSC:sample:sa=2700000,INST_RETIRED.ANY:sample:sa=2700000,CPU_CLK_UNHALTED.DISTRIBUTED:sa=2700000,FP_ARITH_INST_RETIRED.SCALAR_SINGLE:sa=2000003,FP_ARITH_INST_RETIRED.128B_PACKED_SINGLE:sa=2000003,FP_ARITH_INST_RETIRED.256B_PACKED_SINGLE:sa=2000003,FP_ARITH_INST_RETIRED.SCALAR_DOUBLE:sa=2000003,FP_ARITH_INST_RETIRED.128B_PACKED_DOUBLE:sa=2000003,FP_ARITH_INST_RETIRED.256B_PACKED_DOUBLE:sa=2000003,UOPS_EXECUTED.X87:sa=2000003,UOPS_RETIRED.SLOTS:sa=2000003,UOPS_EXECUTED.THREAD:sa=2000003,TOPDOWN.SLOTS:perf_metrics:sample:sa=2000003,TOPDOWN_RETIRING.ALL:sample:sa=2000003 -experimental
509 [124726777210560] INFO perfrun.sdk <> - runCmd started PID 41855
619 [124726777210560] INFO perfrun.emon <> - Spawned collector thread
619 [124726752032448] INFO perfrun.sdk <> - runCmd: /opt/intel/oneapi/vtune/2025.10/bin64/emon -u -t 0.050 -l0 -C CPU_CLK_UNHALTED.DISTRIBUTED,CPU_CLK_UNHALTED.REF_TSC,CPU_CLK_UNHALTED.THREAD,FP_ARITH_INST_RETIRED.128B_PACKED_DOUBLE,FP_ARITH_INST_RETIRED.128B_PACKED_SINGLE,FP_ARITH_INST_RETIRED.256B_PACKED_DOUBLE,FP_ARITH_INST_RETIRED.256B_PACKED_SINGLE,FP_ARITH_INST_RETIRED.SCALAR_DOUBLE,FP_ARITH_INST_RETIRED.SCALAR_SINGLE,INST_RETIRED.ANY,TOPDOWN.SLOTS:perf_metrics,TOPDOWN_RETIRING.ALL,UOPS_EXECUTED.THREAD,UOPS_EXECUTED.X87,UOPS_RETIRED.SLOTS -experimental
620 [124726752032448] INFO perfrun.sdk <> - runCmd started PID 41857
887 [124726777210560] INFO perfrun.tpss <> - start tpss controller for pid #41844
937 [124726936891136] INFO perfrun.launcher <> - Launcher: all plugins were started
937 [124726936891136] INFO perfrun.launcher <> - DirectoryMonitor object was created
937 [124726936891136] INFO perfrun.launcher <> - DirectoryMonitor: a callback was added
937 [124726936891136] INFO perfrun.launcher <> - DirectoryMonitor was started with pingTime = 1000
937 [124726936891136] INFO perfrun.launcher <> - DeadlineTimer is going to be constructed
937 [124726936891136] INFO perfrun.launcher <> - DeadlineTimer: a callback was added
952 [124726936891136] INFO perfrun.launcher <> - Launcher: resume the profiled application and  wait its termination or stop command
17358 [124726936891136] INFO perfrun.launcher <> - Launcher: the profiled application was terminated  with exit code = 0
17361 [124726777210560] INFO perfrun.itt <> - detach itt controller
17361 [124726777210560] INFO perfrun.itt <> - detach itt controller done
17361 [124726777210560] INFO perfrun.sdk <> - runCmd: /opt/intel/oneapi/vtune/2025.10/bin64/emon -stop
17362 [124726777210560] INFO perfrun.sdk <> - runCmd started PID 41990
17496 [124726752032448] WARN perfrun.emon_output <> - TimeKeeper: the time is being asked while the time keeper object is armed. This may mean that the time for the last group is getting reused as the time for this group
17497 [124726752032448] INFO perfrun.emon_output <> - Collector process exited successfully
17519 [124726777210560] INFO perfrun.emon <> - EMON collector successfully stopped.

17519 [124726777210560] INFO perfrun.tpss <> - stop tpss controller
17519 [124726777210560] INFO perfrun.sdk <> - De-allocating TMU: /home/pacca/Desktop/Magistrale/computerArchitecture/progettoComputerArchitecture/cpu/versioni/r012hs/data.0/systemcollector-41837-PaccaPc.sc
17519 [124726777210560] INFO perfrun.system <> - closed the system trace file: /home/pacca/Desktop/Magistrale/computerArchitecture/progettoComputerArchitecture/cpu/versioni/r012hs/data.0/systemcollector-41837-PaccaPc.sc
17519 [124726936891136] INFO perfrun.launcher <> - Launcher: all plugins were stopped.
17519 [124726936891136] INFO perfrun.launcher <> - DeadlineTimer is going to be destroyed
17519 [124726936891136] INFO perfrun.launcher <> - DeadlineTimer was destroyed
17519 [124726936891136] INFO perfrun.launcher <> - DirectoryMonitor object was destroyed
17519 [124726936891136] WARN perfrun.launcher <> - Stop command is ignored because it is received when collection is already stopped, at file: vcs/perfrun1/launcher/src/command_handler.cpp:226
17520 [124726936891136] INFO perfrun.launcher <> - Application exit code: 0
17520 [124726936891136] INFO perfrun.launcher <> - Exit code: 0
