0 [135726136691648] INFO perfrun.launcher <> - Launcher main begin
0 [135726136691648] INFO perfrun.launcher <> - MessageCatalogInit finished
0 [135726136691648] INFO perfrun.launcher <> - Launcher instance created
0 [135726136691648] INFO perfrun.launcher <> - argc = 7; cmdline = /opt/intel/oneapi/vtune/2025.9/bin64/amplxe-runss --ui-output-format xml --ui-output-fd 5 --option-file /home/pacca/Desktop/Magistrale/computerArchitecture/progettoComputerArchitecture/cpu/results_hotspots/config/runss.options 
56 [135726136691648] INFO perfrun.perfcollector <> - SEP tool path: /opt/intel/oneapi/vtune/2025.9/bin64/sep
59 [135726136691648] INFO perfrun.launcher <> - create msngr2::ICliToolContext
59 [135726136691648] INFO perfrun.launcher <> - create file finder object
59 [135726136691648] INFO perfrun.launcher <> - create a result directory: pattern = /home/pacca/Desktop/Magistrale/computerArchitecture/progettoComputerArchitecture/cpu/results_hotspots pid = 4294967295
60 [135726136691648] INFO perfrun.sdk <> - checked that the directory /home/pacca/Desktop/Magistrale/computerArchitecture/progettoComputerArchitecture/cpu/results_hotspots is a local directory
60 [135726136691648] INFO perfrun.sdk <> - the directory /home/pacca/Desktop/Magistrale/computerArchitecture/progettoComputerArchitecture/cpu/results_hotspots is a local directory with FS type ID 61267
60 [135726136691648] INFO perfrun.launcher <> - create data directory = /home/pacca/Desktop/Magistrale/computerArchitecture/progettoComputerArchitecture/cpu/results_hotspots/data.0
60 [135726136691648] INFO perfrun.launcher <> - Creating the master collection flag
66 [135726136691648] INFO perfrun.launcher <> - Done creating the master collection flag
67 [135725980837568] INFO perfrun.launcher <> - plugin [remoteplug] was disabled because it doesn't support the given collection type.
67 [135725980837568] INFO perfrun.sdk <> - Allocating TMU :/home/pacca/Desktop/Magistrale/computerArchitecture/progettoComputerArchitecture/cpu/results_hotspots/data.0/systemcollector-34877-PaccaPc.sc
67 [135725980837568] INFO perfrun.system <> - Tpss based collection
67 [135725980837568] INFO perfrun.launcher <> - plugin [ptracecollector] was disabled because it doesn't support the given collection type.
67 [135725980837568] INFO perfrun.launcher <> - plugin [gpu] was disabled because it doesn't support the given collection type.
67 [135725980837568] INFO perfrun.launcher <> - plugin [] was disabled because it doesn't support the given collection type.
67 [135725980837568] INFO perfrun.launcher <> - plugin [] was disabled because it doesn't support the given collection type.
67 [135725980837568] INFO perfrun.launcher <> - plugin [] was disabled because it doesn't support the given collection type.
67 [135725980837568] INFO perfrun.mrte <> - system-wide mode is 0
67 [135725980837568] INFO perfrun.mrte <> - Getting  mrte profiling environment ...
71 [135725980837568] INFO perfrun.mrte <> - INTEL_MRTE_DATA_DIR=/home/pacca/Desktop/Magistrale/computerArchitecture/progettoComputerArchitecture/cpu/results_hotspots/data.0
71 [135725980837568] INFO perfrun.mrte <> - INTEL_MRTE_HOST_NAME=PaccaPc
71 [135725980837568] INFO perfrun.mrte <> - JAVA_TOOL_OPTIONS=-agentlib:amplxe_samplingmrte_javaprof_1.0 -Dsun.boot.library.path=/opt/intel/oneapi/vtune/2025.9/lib32/runtime:/opt/intel/oneapi/vtune/2025.9/lib64/runtime
71 [135725980837568] INFO perfrun.mrte <> - LD_LIBRARY_PATH=/opt/intel/oneapi/vtune/2025.9/lib32/runtime:/opt/intel/oneapi/vtune/2025.9/lib64/runtime
71 [135725980837568] INFO perfrun.mrte <> - CORECLR_ENABLE_PROFILING=1
71 [135725980837568] INFO perfrun.mrte <> - CORECLR_PROFILER={AA5E4821-E3B1-479c-B7FF-5AD047D22CED}
71 [135725980837568] INFO perfrun.mrte <> - CORECLR_PROFILER_PATH=/opt/intel/oneapi/vtune/2025.9/lib64/libamplxe_samplingmrte_clrprof_1.0.so
71 [135725980837568] INFO perfrun.mrte <> - INTEL_MRTE_PROFILER_MODE=mixed
71 [135725980837568] INFO perfrun.mrte <> - Data directory: /home/pacca/Desktop/Magistrale/computerArchitecture/progettoComputerArchitecture/cpu/results_hotspots/data.0
71 [135725980837568] INFO perfrun.mrte <> - Mrte plugin is initialized
71 [135725980837568] INFO perfrun.launcher <> - plugin [emon] was disabled because it doesn't support the given collection type.
71 [135725980837568] INFO perfrun.launcher <> - plugin [cuscol] was disabled because it doesn't support the given collection type.
71 [135725980837568] INFO perfrun.launcher <> - plugin [stdsrc] was disabled because it doesn't support the given collection type.
71 [135725980837568] INFO perfrun.launcher <> - plugin [sep] was disabled because it doesn't support the given collection type.
71 [135725980837568] INFO perfrun.launcher <> - plugin [vtsspp] was disabled because it doesn't support the given collection type.
71 [135725980837568] INFO perfrun.launcher <> - plugin [perf] was disabled because it doesn't support the given collection type.
71 [135725980837568] INFO perfrun.launcher <> - plugin [aoclprofile] was disabled because it doesn't support the given collection type.
71 [135725980837568] INFO perfrun.tpss <> - initialize tpss controller
71 [135725980837568] INFO perfrun.tpss <> - configure collection mode: value = cpu:stack
71 [135725980837568] INFO perfrun.tpss <> - default obj-size-min=1024
71 [135725980837568] INFO perfrun.tpss <> - default hash-table-size=0
71 [135725980837568] INFO perfrun.launcher <> - plugin [media] was disabled because it doesn't support the given collection type.
71 [135725980837568] INFO perfrun.launcher <> - plugin [] was disabled because it doesn't support the given collection type.
71 [135725980837568] INFO perfrun.launcher <> - plugin [] was disabled because it doesn't support the given collection type.
71 [135725980837568] INFO perfrun.launcher <> - plugin [parallelfs] was disabled because it doesn't support the given collection type.
71 [135725980837568] INFO perfrun.launcher <> - plugin [power] was disabled because it doesn't support the given collection type.
71 [135725980837568] INFO perfrun.launcher <> - plugin [] was disabled because it doesn't support the given collection type.
71 [135725980837568] INFO perfrun.launcher <> - plugin [] was disabled because it doesn't support the given collection type.
71 [135725980837568] INFO perfrun.launcher <> - plugin [] was disabled because it doesn't support the given collection type.
71 [135725980837568] INFO perfrun.launcher <> - plugin [l0_metrics] was disabled because it doesn't support the given collection type.
71 [135725980837568] INFO perfrun.launcher <> - plugin [stall_reasons] was disabled because it doesn't support the given collection type.
71 [135726136691648] INFO perfrun.launcher <> - set environment variable: LD_LIBRARY_PATH = /opt/intel/oneapi/vtune/2025.9/lib32/runtime:/opt/intel/oneapi/vtune/2025.9/lib64/runtime
71 [135726136691648] INFO perfrun.launcher <> - set environment variable: INTEL_LIBITTNOTIFY32 = /opt/intel/oneapi/vtune/2025.9/lib32/runtime/libittnotify_collector.so
71 [135726136691648] INFO perfrun.launcher <> - set environment variable: INTEL_LIBITTNOTIFY64 = /opt/intel/oneapi/vtune/2025.9/lib64/runtime/libittnotify_collector.so
71 [135726136691648] INFO perfrun.launcher <> - set environment variable: INTEL_ITTNOTIFY_GROUPS = 
71 [135726136691648] INFO perfrun.launcher <> - set environment variable: INTEL_JIT_PROFILER32 = /opt/intel/oneapi/vtune/2025.9/lib32/runtime/libittnotify_collector.so
71 [135726136691648] INFO perfrun.launcher <> - set environment variable: INTEL_JIT_PROFILER64 = /opt/intel/oneapi/vtune/2025.9/lib64/runtime/libittnotify_collector.so
71 [135726136691648] INFO perfrun.launcher <> - set environment variable: CCL_ITT_LEVEL = 1
71 [135726136691648] INFO perfrun.launcher <> - set environment variable: ENABLE_JITPROFILING = 1
71 [135726136691648] INFO perfrun.launcher <> - set environment variable: CL_CONFIG_USE_VTUNE = True
71 [135726136691648] INFO perfrun.launcher <> - set environment variable: KMP_FORKJOIN_FRAMES = 0
71 [135726136691648] INFO perfrun.launcher <> - set environment variable: KMP_FORKJOIN_FRAMES_MODE = 0
71 [135726136691648] INFO perfrun.launcher <> - set environment variable: INTEL_MRTE_DATA_DIR = /home/pacca/Desktop/Magistrale/computerArchitecture/progettoComputerArchitecture/cpu/results_hotspots/data.0
71 [135726136691648] INFO perfrun.launcher <> - set environment variable: INTEL_MRTE_HOST_NAME = PaccaPc
71 [135726136691648] INFO perfrun.launcher <> - set environment variable: JAVA_TOOL_OPTIONS = -agentlib:amplxe_samplingmrte_javaprof_1.0 -Dsun.boot.library.path=/opt/intel/oneapi/vtune/2025.9/lib32/runtime:/opt/intel/oneapi/vtune/2025.9/lib64/runtime
71 [135726136691648] INFO perfrun.launcher <> - set environment variable: LD_LIBRARY_PATH = /opt/intel/oneapi/vtune/2025.9/lib32/runtime:/opt/intel/oneapi/vtune/2025.9/lib64/runtime
71 [135726136691648] INFO perfrun.launcher <> - set environment variable: CORECLR_ENABLE_PROFILING = 1
71 [135726136691648] INFO perfrun.launcher <> - set environment variable: CORECLR_PROFILER = {AA5E4821-E3B1-479c-B7FF-5AD047D22CED}
71 [135726136691648] INFO perfrun.launcher <> - set environment variable: CORECLR_PROFILER_PATH = /opt/intel/oneapi/vtune/2025.9/lib64/libamplxe_samplingmrte_clrprof_1.0.so
71 [135726136691648] INFO perfrun.launcher <> - set environment variable: INTEL_MRTE_PROFILER_MODE = mixed
71 [135726136691648] INFO perfrun.launcher <> - RpcServer: run RPC server to handle requests
72 [135726136691648] INFO perfrun.launcher <> - Launcher: command line to start before modification = ./histogram_filter img4 20
72 [135726136691648] INFO perfrun.launcher <> - Launcher: command line to start after modification = /opt/intel/oneapi/vtune/2025.9/bin64/pin -error_file /home/pacca/Desktop/Magistrale/computerArchitecture/progettoComputerArchitecture/cpu/results_hotspots/data.0/pinerr.tpsslog -detach_reattach -follow_execv -tool_load_option deepbind -t64 /opt/intel/oneapi/vtune/2025.9/lib64/libtpsstool.so -t /opt/intel/oneapi/vtune/2025.9/lib32/libtpsstool.so -server_name tpss_ipc.34877 -prd_dir /opt/intel/oneapi/vtune/2025.9 -- ./histogram_filter img4 20
72 [135726136691648] INFO perfrun.launcher <> - ProcessCreator object was created
72 [135726136691648] INFO perfrun.launcher <> - Launcher: the process was started in suspend mode
73 [135725980837568] WARN perfrun.system <> - Could not do anything with /sys/kernel/debug/kvm: boost::filesystem::status: Permission denied [system:13]: "/sys/kernel/debug/kvm", at file: vcs/perfrun1/plugins/system/src/trace_writer.cpp:791
73 [135725980837568] WARN perfrun.system <> - Folder "/var/run/libvirt/qemu/"doesn't exist, at file: vcs/perfrun1/plugins/system/src/trace_writer.cpp:804
74 [135725980837568] WARN perfrun.sdk <> - Failed to find xl binary on any of the system paths: /bin, /sbin, /usr/bin, /usr/sbin., at file: vcs/perfrun1/sdk/src/utils.cpp:205
74 [135725980837568] WARN perfrun.system <> - Could not start ContainerMapping collector, at file: vcs/perfrun1/plugins/system/src/controller.cpp:450
95 [135725980837568] INFO perfrun.vdso <> - Helper runtool '/opt/intel/oneapi/vtune/2025.9/bin32/amplxe-runss -dump-vdso -r /home/pacca/Desktop/Magistrale/computerArchitecture/progettoComputerArchitecture/cpu/results_hotspots --tmp-dir /tmp/amplxe-tmp-pacca' returned 0
158 [135725980837568] INFO perfrun.vdso <> - Helper runtool '/opt/intel/oneapi/vtune/2025.9/bin64/amplxe-runss -dump-vdso -r /home/pacca/Desktop/Magistrale/computerArchitecture/progettoComputerArchitecture/cpu/results_hotspots --tmp-dir /tmp/amplxe-tmp-pacca' returned 0
158 [135725980837568] INFO perfrun.itt <> - start itt controller for pid #34882
159 [135725980837568] INFO perfrun.tpss <> - start tpss controller for pid #34882
209 [135726136691648] INFO perfrun.launcher <> - Launcher: all plugins were started
209 [135726136691648] INFO perfrun.launcher <> - DirectoryMonitor object was created
209 [135726136691648] INFO perfrun.launcher <> - DirectoryMonitor: a callback was added
209 [135726136691648] INFO perfrun.launcher <> - DirectoryMonitor was started with pingTime = 1000
209 [135726136691648] INFO perfrun.launcher <> - DeadlineTimer is going to be constructed
209 [135726136691648] INFO perfrun.launcher <> - DeadlineTimer: a callback was added
216 [135726136691648] INFO perfrun.launcher <> - Launcher: resume the profiled application and  wait its termination or stop command
38152 [135726136691648] INFO perfrun.launcher <> - Launcher: the profiled application was terminated  with exit code = 0
38157 [135725980837568] INFO perfrun.itt <> - detach itt controller
38157 [135725980837568] INFO perfrun.itt <> - detach itt controller done
38157 [135725980837568] INFO perfrun.tpss <> - stop tpss controller
38157 [135725980837568] INFO perfrun.sdk <> - De-allocating TMU: /home/pacca/Desktop/Magistrale/computerArchitecture/progettoComputerArchitecture/cpu/results_hotspots/data.0/systemcollector-34877-PaccaPc.sc
38157 [135725980837568] INFO perfrun.system <> - closed the system trace file: /home/pacca/Desktop/Magistrale/computerArchitecture/progettoComputerArchitecture/cpu/results_hotspots/data.0/systemcollector-34877-PaccaPc.sc
38157 [135726136691648] INFO perfrun.launcher <> - Launcher: all plugins were stopped.
38157 [135726136691648] INFO perfrun.launcher <> - DeadlineTimer is going to be destroyed
38157 [135726136691648] INFO perfrun.launcher <> - DeadlineTimer was destroyed
38157 [135726136691648] INFO perfrun.launcher <> - DirectoryMonitor object was destroyed
38157 [135726136691648] WARN perfrun.launcher <> - Stop command is ignored because it is received when collection is already stopped, at file: vcs/perfrun1/launcher/src/command_handler.cpp:226
38158 [135726136691648] INFO perfrun.launcher <> - Application exit code: 0
38158 [135726136691648] INFO perfrun.launcher <> - Exit code: 0
