3 [4030241792] INFO perfrun.launcher <> - Launcher main begin
6 [4030241792] INFO perfrun.launcher <> - MessageCatalogInit finished
6 [4030241792] INFO perfrun.launcher <> - Launcher instance created
6 [4030241792] INFO perfrun.launcher <> - argc = 6; cmdline = /opt/intel/oneapi/vtune/2025.10/bin32/amplxe-runss -dump-vdso -r /home/pacca/Desktop/Magistrale/computerArchitecture/progettoComputerArchitecture/cpu/versioni/r015hs --tmp-dir /tmp/amplxe-tmp-pacca 
13 [4030241792] INFO perfrun.launcher <> - create msngr2::ICliToolContext
13 [4030241792] INFO perfrun.launcher <> - create file finder object
16 [4029700928] INFO perfrun.launcher <> - plugin [remoteplug] was disabled because it doesn't support the given collection type.
16 [4029700928] INFO perfrun.launcher <> - plugin [] was disabled because it doesn't support the given collection type.
16 [4029700928] INFO perfrun.vdso <> - dumping [vdso] pseudomodule
17 [4029700928] INFO perfrun.launcher <> - plugin [] was disabled because it doesn't support the given collection type.
17 [4029700928] INFO perfrun.launcher <> - plugin [] was disabled because it doesn't support the given collection type.
17 [4029700928] INFO perfrun.launcher <> - plugin [] was disabled because it doesn't support the given collection type.
17 [4029700928] INFO perfrun.launcher <> - plugin [] was disabled because it doesn't support the given collection type.
17 [4029700928] INFO perfrun.launcher <> - plugin [] was disabled because it doesn't support the given collection type.
17 [4029700928] INFO perfrun.launcher <> - plugin [] was disabled because it doesn't support the given collection type.
17 [4029700928] INFO perfrun.launcher <> - plugin [] was disabled because it doesn't support the given collection type.
17 [4029700928] INFO perfrun.launcher <> - plugin [] was disabled because it doesn't support the given collection type.
17 [4029700928] INFO perfrun.launcher <> - plugin [] was disabled because it doesn't support the given collection type.
17 [4029700928] INFO perfrun.launcher <> - plugin [] was disabled because it doesn't support the given collection type.
17 [4029700928] INFO perfrun.launcher <> - plugin [] was disabled because it doesn't support the given collection type.
17 [4029700928] INFO perfrun.launcher <> - plugin [] was disabled because it doesn't support the given collection type.
17 [4029700928] INFO perfrun.launcher <> - plugin [] was disabled because it doesn't support the given collection type.
17 [4029700928] INFO perfrun.launcher <> - plugin [] was disabled because it doesn't support the given collection type.
17 [4029700928] INFO perfrun.launcher <> - plugin [] was disabled because it doesn't support the given collection type.
17 [4029700928] INFO perfrun.launcher <> - plugin [] was disabled because it doesn't support the given collection type.
17 [4029700928] INFO perfrun.launcher <> - plugin [] was disabled because it doesn't support the given collection type.
17 [4029700928] INFO perfrun.launcher <> - plugin [] was disabled because it doesn't support the given collection type.
17 [4029700928] INFO perfrun.launcher <> - plugin [] was disabled because it doesn't support the given collection type.
17 [4029700928] INFO perfrun.launcher <> - plugin [] was disabled because it doesn't support the given collection type.
17 [4029700928] INFO perfrun.launcher <> - plugin [] was disabled because it doesn't support the given collection type.
17 [4029700928] INFO perfrun.launcher <> - plugin [] was disabled because it doesn't support the given collection type.
17 [4029700928] INFO perfrun.launcher <> - plugin [] was disabled because it doesn't support the given collection type.
17 [4029700928] INFO perfrun.launcher <> - plugin [] was disabled because it doesn't support the given collection type.
17 [4029700928] INFO perfrun.launcher <> - plugin [] was disabled because it doesn't support the given collection type.
17 [4030241792] INFO perfrun.launcher <> - Application exit code: 0
17 [4030241792] INFO perfrun.launcher <> - Exit code: 0
