0 [123840498237184] INFO perfrun.launcher <> - Launcher main begin
0 [123840498237184] INFO perfrun.launcher <> - MessageCatalogInit finished
0 [123840498237184] INFO perfrun.launcher <> - Launcher instance created
0 [123840498237184] INFO perfrun.launcher <> - argc = 7; cmdline = /opt/intel/oneapi/vtune/2025.10/bin64/amplxe-runss --ui-output-format xml --ui-output-fd 5 --option-file /home/pacca/Desktop/Magistrale/computerArchitecture/progettoComputerArchitecture/cpu/versioni/r000ps/config/runsa.options 
49 [123840498237184] INFO perfrun.perfcollector <> - SEP tool path: /opt/intel/oneapi/vtune/2025.10/bin64/sep
53 [123840498237184] INFO perfrun.launcher <> - create msngr2::ICliToolContext
53 [123840498237184] INFO perfrun.launcher <> - create file finder object
53 [123840498237184] INFO perfrun.launcher <> - create a result directory: pattern = /home/pacca/Desktop/Magistrale/computerArchitecture/progettoComputerArchitecture/cpu/versioni/r000ps pid = 4294967295
53 [123840498237184] INFO perfrun.sdk <> - checked that the directory /home/pacca/Desktop/Magistrale/computerArchitecture/progettoComputerArchitecture/cpu/versioni/r000ps is a local directory
53 [123840498237184] INFO perfrun.sdk <> - the directory /home/pacca/Desktop/Magistrale/computerArchitecture/progettoComputerArchitecture/cpu/versioni/r000ps is a local directory with FS type ID 61267
53 [123840498237184] INFO perfrun.launcher <> - create data directory = /home/pacca/Desktop/Magistrale/computerArchitecture/progettoComputerArchitecture/cpu/versioni/r000ps/data.0
54 [123840498237184] INFO perfrun.launcher <> - Creating the master collection flag
59 [123840498237184] INFO perfrun.launcher <> - Done creating the master collection flag
61 [123840338323136] INFO perfrun.launcher <> - plugin [remoteplug] was disabled because it doesn't support the given collection type.
61 [123840338323136] INFO perfrun.system <> - online nodes : 0
61 [123840338323136] INFO perfrun.system <> - nodes with cpus : 0
61 [123840338323136] INFO perfrun.system <> - nodes with memory : 0
62 [123840338323136] INFO perfrun.sdk <> - Allocating TMU :/home/pacca/Desktop/Magistrale/computerArchitecture/progettoComputerArchitecture/cpu/versioni/r000ps/data.0/systemcollector-31571-PaccaPc.sc
62 [123840338323136] INFO perfrun.launcher <> - plugin [itt] was disabled because it doesn't support the given collection type.
62 [123840338323136] INFO perfrun.launcher <> - plugin [ptracecollector] was disabled because it doesn't support the given collection type.
62 [123840338323136] INFO perfrun.launcher <> - plugin [gpu] was disabled because it doesn't support the given collection type.
62 [123840338323136] INFO perfrun.launcher <> - plugin [] was disabled because it doesn't support the given collection type.
62 [123840338323136] INFO perfrun.launcher <> - plugin [] was disabled because it doesn't support the given collection type.
62 [123840338323136] INFO perfrun.launcher <> - plugin [] was disabled because it doesn't support the given collection type.
62 [123840338323136] INFO perfrun.mrte <> - system-wide mode is 0
62 [123840338323136] INFO perfrun.mrte <> - Getting  mrte profiling environment ...
67 [123840338323136] INFO perfrun.mrte <> - INTEL_MRTE_DATA_DIR=/home/pacca/Desktop/Magistrale/computerArchitecture/progettoComputerArchitecture/cpu/versioni/r000ps/data.0
67 [123840338323136] INFO perfrun.mrte <> - INTEL_MRTE_HOST_NAME=PaccaPc
67 [123840338323136] INFO perfrun.mrte <> - JAVA_TOOL_OPTIONS=-agentlib:amplxe_samplingmrte_javaprof_1.0 -Dsun.boot.library.path=/opt/intel/oneapi/vtune/2025.10/lib32/runtime:/opt/intel/oneapi/vtune/2025.10/lib64/runtime
67 [123840338323136] INFO perfrun.mrte <> - LD_LIBRARY_PATH=/opt/intel/oneapi/vtune/2025.10/lib32/runtime:/opt/intel/oneapi/vtune/2025.10/lib64/runtime
67 [123840338323136] INFO perfrun.mrte <> - CORECLR_ENABLE_PROFILING=1
67 [123840338323136] INFO perfrun.mrte <> - CORECLR_PROFILER={AA5E4821-E3B1-479c-B7FF-5AD047D22CED}
67 [123840338323136] INFO perfrun.mrte <> - CORECLR_PROFILER_PATH=/opt/intel/oneapi/vtune/2025.10/lib64/libamplxe_samplingmrte_clrprof_1.0.so
67 [123840338323136] INFO perfrun.mrte <> - INTEL_MRTE_PROFILER_MODE=mixed
67 [123840338323136] INFO perfrun.mrte <> - Data directory: /home/pacca/Desktop/Magistrale/computerArchitecture/progettoComputerArchitecture/cpu/versioni/r000ps/data.0
67 [123840338323136] INFO perfrun.mrte <> - Mrte plugin is initialized
67 [123840338323136] INFO perfrun.sdk <> - runCmd: /opt/intel/oneapi/vtune/2025.10/bin64/emon -v
68 [123840338323136] INFO perfrun.sdk <> - runCmd started PID 31575
189 [123840338323136] INFO perfrun.emon <> - Extracted TSC Frequency = 2.688e+09 from emon -v
189 [123840338323136] INFO perfrun.metrics <> - PMU type is alderlake
189 [123840338323136] INFO perfrun.launcher <> - plugin [cuscol] was disabled because it doesn't support the given collection type.
189 [123840338323136] INFO perfrun.launcher <> - plugin [stdsrc] was disabled because it doesn't support the given collection type.
189 [123840338323136] INFO perfrun.launcher <> - plugin [sep] was disabled because it doesn't support the given collection type.
189 [123840338323136] INFO perfrun.launcher <> - plugin [vtsspp] was disabled because it doesn't support the given collection type.
189 [123840338323136] INFO perfrun.launcher <> - plugin [perf] was disabled because it doesn't support the given collection type.
189 [123840338323136] INFO perfrun.launcher <> - plugin [aoclprofile] was disabled because it doesn't support the given collection type.
189 [123840338323136] INFO perfrun.tpss <> - initialize tpss controller
189 [123840338323136] INFO perfrun.launcher <> - plugin [tpss] was disabled because it doesn't support the given collection type.
189 [123840338323136] INFO perfrun.launcher <> - plugin [media] was disabled because it doesn't support the given collection type.
189 [123840338323136] INFO perfrun.launcher <> - plugin [] was disabled because it doesn't support the given collection type.
189 [123840338323136] INFO perfrun.launcher <> - plugin [] was disabled because it doesn't support the given collection type.
189 [123840338323136] INFO perfrun.launcher <> - plugin [parallelfs] was disabled because it doesn't support the given collection type.
189 [123840338323136] INFO perfrun.launcher <> - plugin [power] was disabled because it doesn't support the given collection type.
189 [123840338323136] INFO perfrun.launcher <> - plugin [] was disabled because it doesn't support the given collection type.
189 [123840338323136] INFO perfrun.launcher <> - plugin [] was disabled because it doesn't support the given collection type.
189 [123840338323136] INFO perfrun.launcher <> - plugin [] was disabled because it doesn't support the given collection type.
189 [123840338323136] INFO perfrun.launcher <> - plugin [l0_metrics] was disabled because it doesn't support the given collection type.
189 [123840338323136] INFO perfrun.launcher <> - plugin [stall_reasons] was disabled because it doesn't support the given collection type.
189 [123840498237184] INFO perfrun.launcher <> - set environment variable: INTEL_MRTE_DATA_DIR = /home/pacca/Desktop/Magistrale/computerArchitecture/progettoComputerArchitecture/cpu/versioni/r000ps/data.0
189 [123840498237184] INFO perfrun.launcher <> - set environment variable: INTEL_MRTE_HOST_NAME = PaccaPc
189 [123840498237184] INFO perfrun.launcher <> - set environment variable: JAVA_TOOL_OPTIONS = -agentlib:amplxe_samplingmrte_javaprof_1.0 -Dsun.boot.library.path=/opt/intel/oneapi/vtune/2025.10/lib32/runtime:/opt/intel/oneapi/vtune/2025.10/lib64/runtime
189 [123840498237184] INFO perfrun.launcher <> - set environment variable: LD_LIBRARY_PATH = /opt/intel/oneapi/vtune/2025.10/lib32/runtime:/opt/intel/oneapi/vtune/2025.10/lib64/runtime
189 [123840498237184] INFO perfrun.launcher <> - set environment variable: CORECLR_ENABLE_PROFILING = 1
189 [123840498237184] INFO perfrun.launcher <> - set environment variable: CORECLR_PROFILER = {AA5E4821-E3B1-479c-B7FF-5AD047D22CED}
189 [123840498237184] INFO perfrun.launcher <> - set environment variable: CORECLR_PROFILER_PATH = /opt/intel/oneapi/vtune/2025.10/lib64/libamplxe_samplingmrte_clrprof_1.0.so
189 [123840498237184] INFO perfrun.launcher <> - set environment variable: INTEL_MRTE_PROFILER_MODE = mixed
189 [123840498237184] INFO perfrun.launcher <> - RpcServer: run RPC server to handle requests
189 [123840498237184] INFO perfrun.launcher <> - Launcher: command line to start before modification = taskset -c 0-12 ./v3 img1 13 5 256
189 [123840498237184] INFO perfrun.launcher <> - Launcher: command line to start after modification = taskset -c 0-12 ./v3 img1 13 5 256
189 [123840498237184] INFO perfrun.launcher <> - ProcessCreator object was created
190 [123840498237184] INFO perfrun.launcher <> - Launcher: the process was started in suspend mode
190 [123840338323136] INFO perfrun.launcher <> - Messenger::say: Peak bandwidth measurement started.
4088 [123840338323136] INFO perfrun.launcher <> - Messenger::say: Peak bandwidth measurement finished.
4089 [123840338323136] WARN perfrun.system <> - Could not do anything with /sys/kernel/debug/kvm: boost::filesystem::status: Permission denied [system:13]: "/sys/kernel/debug/kvm", at file: vcs/perfrun1/plugins/system/src/trace_writer.cpp:791
4089 [123840338323136] WARN perfrun.system <> - Folder "/var/run/libvirt/qemu/"doesn't exist, at file: vcs/perfrun1/plugins/system/src/trace_writer.cpp:804
4089 [123840338323136] INFO perfrun.sdk <> - runCmd: /opt/intel/oneapi/vtune/2025.10/bin64/emon -M
4089 [123840338323136] INFO perfrun.sdk <> - runCmd started PID 31628
4201 [123840338323136] INFO perfrun.sdk <> - runCmd: /opt/intel/oneapi/vtune/2025.10/bin64/emon -v
4201 [123840338323136] INFO perfrun.sdk <> - runCmd started PID 31629
4316 [123840338323136] INFO perfrun.sdk <> - runCmd: /opt/intel/oneapi/vtune/2025.10/bin64/sep -dry-run -ec CPU_CLK_UNHALTED.THREAD:sa=2700000,CPU_CLK_UNHALTED.REF_TSC:sample:sa=2700000,INST_RETIRED.ANY:sample:sa=2700000,CPU_CLK_UNHALTED.DISTRIBUTED:sa=2700000,TOPDOWN.SLOTS:perf_metrics:sample:sa=2000003,TOPDOWN_RETIRING.ALL:sample:sa=2000003,FP_ARITH_INST_RETIRED.SCALAR_SINGLE:sa=2000003,FP_ARITH_INST_RETIRED.128B_PACKED_SINGLE:sa=2000003,FP_ARITH_INST_RETIRED.256B_PACKED_SINGLE:sa=2000003,FP_ARITH_INST_RETIRED.SCALAR_DOUBLE:sa=2000003,FP_ARITH_INST_RETIRED.128B_PACKED_DOUBLE:sa=2000003,FP_ARITH_INST_RETIRED.256B_PACKED_DOUBLE:sa=2000003,UOPS_EXECUTED.X87:sa=2000003,UOPS_RETIRED.SLOTS:sa=2000003,UOPS_EXECUTED.THREAD:sa=2000003,CPU_CLK_UNHALTED.THREAD_P,FRONTEND_RETIRED.LATENCY_GE_4,INT_MISC.UOP_DROPPING,TOPDOWN.BACKEND_BOUND_SLOTS,TOPDOWN.MEMORY_BOUND_SLOTS,TOPDOWN_BE_BOUND.ALL,TOPDOWN_FE_BOUND.ALL,EXE_ACTIVITY.BOUND_ON_LOADS,MEMORY_ACTIVITY.STALLS_L1D_MISS,MEMORY_ACTIVITY.STALLS_L2_MISS,MEMORY_ACTIVITY.STALLS_L3_MISS,MEM_LOAD_RETIRED.L1_HIT,MEM_LOAD_RETIRED.L2_HIT,MEM_LOAD_RETIRED.L3_HIT,MEM_LOAD_RETIRED.L3_MISS,MEM_INST_RETIRED.ALL_STORES:sa=100003,MEM_INST_RETIRED.ALL_LOADS:sa=100003,CYCLE_ACTIVITY.CYCLES_MEM_ANY,DTLB_LOAD_MISSES.STLB_HIT:cmask=1,DTLB_LOAD_MISSES.WALK_ACTIVE,DTLB_LOAD_MISSES.WALK_COMPLETED_1G,DTLB_LOAD_MISSES.WALK_COMPLETED_2M_4M,DTLB_LOAD_MISSES.WALK_COMPLETED_4K,DTLB_STORE_MISSES.STLB_HIT:cmask=1,DTLB_STORE_MISSES.WALK_ACTIVE,DTLB_STORE_MISSES.WALK_COMPLETED_1G,DTLB_STORE_MISSES.WALK_COMPLETED_2M_4M,DTLB_STORE_MISSES.WALK_COMPLETED_4K,EXE_ACTIVITY.BOUND_ON_STORES,L1D_PEND_MISS.FB_FULL,L1D_PEND_MISS.L2_STALLS,L1D_PEND_MISS.PENDING,L2_RQSTS.ALL_RFO,L2_RQSTS.RFO_HIT,LD_BLOCKS.NO_SR,LD_BLOCKS.STORE_FORWARD,MEMORY_ACTIVITY.CYCLES_L1D_MISS,MEM_INST_RETIRED.LOCK_LOADS,MEM_INST_RETIRED.SPLIT_LOADS,MEM_INST_RETIRED.SPLIT_STORES,MEM_INST_RETIRED.STLB_MISS_LOADS,MEM_INST_RETIRED.STLB_MISS_STORES,MEM_LOAD_COMPLETED.L1_MISS_ANY,MEM_LOAD_L3_HIT_RETIRED.XSNP_FWD,MEM_LOAD_L3_HIT_RETIRED.XSNP_MISS,MEM_LOAD_L3_HIT_RETIRED.XSNP_NO_FWD,MEM_LOAD_RETIRED.FB_HIT,MEM_LOAD_RETIRED.L1_MISS,MEM_STORE_RETIRED.L2_HIT,OFFCORE_REQUESTS_OUTSTANDING.ALL_DATA_RD:cmask=4,OFFCORE_REQUESTS_OUTSTANDING.CYCLES_WITH_DATA_RD,OFFCORE_REQUESTS_OUTSTANDING.CYCLES_WITH_DEMAND_RFO,XQ.FULL_CYCLES,LD_HEAD.ANY_AT_RET,LD_HEAD.DTLB_MISS_AT_RET,LD_HEAD.L1_BOUND_AT_RET,LD_HEAD.L1_MISS_AT_RET,LD_HEAD.OTHER_AT_RET,LD_HEAD.PGWALK_AT_RET,LD_HEAD.ST_ADDR_AT_RET,MEM_BOUND_STALLS.LOAD,MEM_BOUND_STALLS.LOAD_DRAM_HIT,MEM_BOUND_STALLS.LOAD_L2_HIT,MEM_BOUND_STALLS.LOAD_LLC_HIT,MEM_SCHEDULER_BLOCK.ALL,MEM_SCHEDULER_BLOCK.ST_BUF,TOPDOWN_BE_BOUND.MEM_SCHEDULER,UNC_M_CAS_COUNT_RD,UNC_M_CAS_COUNT_WR -experimental
4316 [123840338323136] INFO perfrun.sdk <> - runCmd started PID 31631
4437 [123840338323136] INFO perfrun.emon <> - Spawned collector thread
4437 [123837999969984] INFO perfrun.sdk <> - runCmd: /opt/intel/oneapi/vtune/2025.10/bin64/emon -u -t 0.010 -l0 -C CPU_CLK_UNHALTED.DISTRIBUTED,CPU_CLK_UNHALTED.REF_TSC,CPU_CLK_UNHALTED.THREAD,CPU_CLK_UNHALTED.THREAD_P,CYCLE_ACTIVITY.CYCLES_MEM_ANY,DTLB_LOAD_MISSES.STLB_HIT:c1,DTLB_LOAD_MISSES.WALK_ACTIVE,DTLB_LOAD_MISSES.WALK_COMPLETED_1G,DTLB_LOAD_MISSES.WALK_COMPLETED_2M_4M,DTLB_LOAD_MISSES.WALK_COMPLETED_4K,DTLB_STORE_MISSES.STLB_HIT:c1,DTLB_STORE_MISSES.WALK_ACTIVE,DTLB_STORE_MISSES.WALK_COMPLETED_1G,DTLB_STORE_MISSES.WALK_COMPLETED_2M_4M,DTLB_STORE_MISSES.WALK_COMPLETED_4K,EXE_ACTIVITY.BOUND_ON_LOADS,EXE_ACTIVITY.BOUND_ON_STORES,FP_ARITH_INST_RETIRED.128B_PACKED_DOUBLE,FP_ARITH_INST_RETIRED.128B_PACKED_SINGLE,FP_ARITH_INST_RETIRED.256B_PACKED_DOUBLE,FP_ARITH_INST_RETIRED.256B_PACKED_SINGLE,FP_ARITH_INST_RETIRED.SCALAR_DOUBLE,FP_ARITH_INST_RETIRED.SCALAR_SINGLE,FRONTEND_RETIRED.LATENCY_GE_4,INST_RETIRED.ANY,INT_MISC.UOP_DROPPING,L1D_PEND_MISS.FB_FULL,L1D_PEND_MISS.L2_STALLS,L1D_PEND_MISS.PENDING,L2_RQSTS.ALL_RFO,L2_RQSTS.RFO_HIT,LD_BLOCKS.NO_SR,LD_BLOCKS.STORE_FORWARD,LD_HEAD.ANY_AT_RET,LD_HEAD.DTLB_MISS_AT_RET,LD_HEAD.L1_BOUND_AT_RET,LD_HEAD.L1_MISS_AT_RET,LD_HEAD.OTHER_AT_RET,LD_HEAD.PGWALK_AT_RET,LD_HEAD.ST_ADDR_AT_RET,MEMORY_ACTIVITY.CYCLES_L1D_MISS,MEMORY_ACTIVITY.STALLS_L1D_MISS,MEMORY_ACTIVITY.STALLS_L2_MISS,MEMORY_ACTIVITY.STALLS_L3_MISS,MEM_BOUND_STALLS.LOAD,MEM_BOUND_STALLS.LOAD_DRAM_HIT,MEM_BOUND_STALLS.LOAD_L2_HIT,MEM_BOUND_STALLS.LOAD_LLC_HIT,MEM_INST_RETIRED.ALL_LOADS,MEM_INST_RETIRED.ALL_STORES,MEM_INST_RETIRED.LOCK_LOADS,MEM_INST_RETIRED.SPLIT_LOADS,MEM_INST_RETIRED.SPLIT_STORES,MEM_INST_RETIRED.STLB_MISS_LOADS,MEM_INST_RETIRED.STLB_MISS_STORES,MEM_LOAD_COMPLETED.L1_MISS_ANY,MEM_LOAD_L3_HIT_RETIRED.XSNP_FWD,MEM_LOAD_L3_HIT_RETIRED.XSNP_MISS,MEM_LOAD_L3_HIT_RETIRED.XSNP_NO_FWD,MEM_LOAD_RETIRED.FB_HIT,MEM_LOAD_RETIRED.L1_HIT,MEM_LOAD_RETIRED.L1_MISS,MEM_LOAD_RETIRED.L2_HIT,MEM_LOAD_RETIRED.L3_HIT,MEM_LOAD_RETIRED.L3_MISS,MEM_SCHEDULER_BLOCK.ALL,MEM_SCHEDULER_BLOCK.ST_BUF,MEM_STORE_RETIRED.L2_HIT,OFFCORE_REQUESTS_OUTSTANDING.ALL_DATA_RD:c4,OFFCORE_REQUESTS_OUTSTANDING.CYCLES_WITH_DATA_RD,OFFCORE_REQUESTS_OUTSTANDING.CYCLES_WITH_DEMAND_RFO,TOPDOWN.BACKEND_BOUND_SLOTS,TOPDOWN.MEMORY_BOUND_SLOTS,TOPDOWN.SLOTS:perf_metrics,TOPDOWN_BE_BOUND.ALL,TOPDOWN_BE_BOUND.MEM_SCHEDULER,TOPDOWN_FE_BOUND.ALL,TOPDOWN_RETIRING.ALL,UNC_M_CAS_COUNT_RD,UNC_M_CAS_COUNT_WR,UOPS_EXECUTED.THREAD,UOPS_EXECUTED.X87,UOPS_RETIRED.SLOTS,XQ.FULL_CYCLES -experimental
4437 [123837999969984] INFO perfrun.sdk <> - runCmd started PID 31633
4573 [123840498237184] INFO perfrun.launcher <> - Launcher: all plugins were started
4573 [123840498237184] INFO perfrun.launcher <> - DirectoryMonitor object was created
4573 [123840498237184] INFO perfrun.launcher <> - DirectoryMonitor: a callback was added
4573 [123840498237184] INFO perfrun.launcher <> - DirectoryMonitor was started with pingTime = 1000
4573 [123840498237184] INFO perfrun.launcher <> - DeadlineTimer is going to be constructed
4573 [123840498237184] INFO perfrun.launcher <> - DeadlineTimer: a callback was added
4589 [123840498237184] INFO perfrun.launcher <> - Launcher: resume the profiled application and  wait its termination or stop command
21496 [123840498237184] INFO perfrun.launcher <> - Launcher: the profiled application was terminated  with exit code = 0
21497 [123840338323136] INFO perfrun.sdk <> - runCmd: /opt/intel/oneapi/vtune/2025.10/bin64/emon -stop
21498 [123840338323136] INFO perfrun.sdk <> - runCmd started PID 31736
21632 [123837999969984] WARN perfrun.emon_output <> - TimeKeeper: the time is being asked while the time keeper object is armed. This may mean that the time for the last group is getting reused as the time for this group
21632 [123837999969984] INFO perfrun.emon_output <> - Collector process exited successfully
21655 [123840338323136] INFO perfrun.emon <> - EMON collector successfully stopped.

21655 [123840338323136] INFO perfrun.sdk <> - De-allocating TMU: /home/pacca/Desktop/Magistrale/computerArchitecture/progettoComputerArchitecture/cpu/versioni/r000ps/data.0/systemcollector-31571-PaccaPc.sc
21655 [123840338323136] INFO perfrun.system <> - closed the system trace file: /home/pacca/Desktop/Magistrale/computerArchitecture/progettoComputerArchitecture/cpu/versioni/r000ps/data.0/systemcollector-31571-PaccaPc.sc
21655 [123840498237184] INFO perfrun.launcher <> - Launcher: all plugins were stopped.
21655 [123840498237184] INFO perfrun.launcher <> - DeadlineTimer is going to be destroyed
21655 [123840498237184] INFO perfrun.launcher <> - DeadlineTimer was destroyed
21655 [123840498237184] INFO perfrun.launcher <> - DirectoryMonitor object was destroyed
21655 [123840498237184] WARN perfrun.launcher <> - Stop command is ignored because it is received when collection is already stopped, at file: vcs/perfrun1/launcher/src/command_handler.cpp:226
21655 [123840498237184] INFO perfrun.launcher <> - Application exit code: 0
21655 [123840498237184] INFO perfrun.launcher <> - Exit code: 0
