0 [131893945491200] INFO perfrun.launcher <> - Launcher main begin
0 [131893945491200] INFO perfrun.launcher <> - MessageCatalogInit finished
0 [131893945491200] INFO perfrun.launcher <> - Launcher instance created
0 [131893945491200] INFO perfrun.launcher <> - argc = 6; cmdline = /opt/intel/oneapi/vtune/2025.10/bin64/amplxe-runss -dump-vdso -r /home/pacca/Desktop/Magistrale/computerArchitecture/progettoComputerArchitecture/cpu/versioni/r002hs --tmp-dir /tmp/amplxe-tmp-pacca 
49 [131893945491200] INFO perfrun.perfcollector <> - SEP tool path: /opt/intel/oneapi/vtune/2025.10/bin64/sep
51 [131893945491200] INFO perfrun.launcher <> - create msngr2::ICliToolContext
52 [131893945491200] INFO perfrun.launcher <> - create file finder object
53 [131893785781952] INFO perfrun.launcher <> - plugin [remoteplug] was disabled because it doesn't support the given collection type.
53 [131893785781952] INFO perfrun.launcher <> - plugin [system] was disabled because it doesn't support the given collection type.
53 [131893785781952] INFO perfrun.vdso <> - dumping [vdso] pseudomodule
53 [131893785781952] INFO perfrun.launcher <> - plugin [itt] was disabled because it doesn't support the given collection type.
53 [131893785781952] INFO perfrun.launcher <> - plugin [ptracecollector] was disabled because it doesn't support the given collection type.
53 [131893785781952] INFO perfrun.launcher <> - plugin [gpu] was disabled because it doesn't support the given collection type.
53 [131893785781952] INFO perfrun.launcher <> - plugin [] was disabled because it doesn't support the given collection type.
53 [131893785781952] INFO perfrun.launcher <> - plugin [] was disabled because it doesn't support the given collection type.
53 [131893785781952] INFO perfrun.launcher <> - plugin [] was disabled because it doesn't support the given collection type.
53 [131893785781952] INFO perfrun.launcher <> - plugin [mrte] was disabled because it doesn't support the given collection type.
53 [131893785781952] INFO perfrun.launcher <> - plugin [emon] was disabled because it doesn't support the given collection type.
53 [131893785781952] INFO perfrun.launcher <> - plugin [cuscol] was disabled because it doesn't support the given collection type.
53 [131893785781952] INFO perfrun.launcher <> - plugin [stdsrc] was disabled because it doesn't support the given collection type.
53 [131893785781952] INFO perfrun.launcher <> - plugin [sep] was disabled because it doesn't support the given collection type.
53 [131893785781952] INFO perfrun.launcher <> - plugin [vtsspp] was disabled because it doesn't support the given collection type.
53 [131893785781952] INFO perfrun.launcher <> - plugin [perf] was disabled because it doesn't support the given collection type.
53 [131893785781952] INFO perfrun.launcher <> - plugin [aoclprofile] was disabled because it doesn't support the given collection type.
53 [131893785781952] INFO perfrun.launcher <> - plugin [tpss] was disabled because it doesn't support the given collection type.
53 [131893785781952] INFO perfrun.launcher <> - plugin [media] was disabled because it doesn't support the given collection type.
53 [131893785781952] INFO perfrun.launcher <> - plugin [] was disabled because it doesn't support the given collection type.
53 [131893785781952] INFO perfrun.launcher <> - plugin [] was disabled because it doesn't support the given collection type.
53 [131893785781952] INFO perfrun.launcher <> - plugin [parallelfs] was disabled because it doesn't support the given collection type.
53 [131893785781952] INFO perfrun.launcher <> - plugin [power] was disabled because it doesn't support the given collection type.
53 [131893785781952] INFO perfrun.launcher <> - plugin [] was disabled because it doesn't support the given collection type.
53 [131893785781952] INFO perfrun.launcher <> - plugin [] was disabled because it doesn't support the given collection type.
53 [131893785781952] INFO perfrun.launcher <> - plugin [] was disabled because it doesn't support the given collection type.
53 [131893785781952] INFO perfrun.launcher <> - plugin [l0_metrics] was disabled because it doesn't support the given collection type.
53 [131893785781952] INFO perfrun.launcher <> - plugin [stall_reasons] was disabled because it doesn't support the given collection type.
54 [131893945491200] INFO perfrun.launcher <> - Application exit code: 0
54 [131893945491200] INFO perfrun.launcher <> - Exit code: 0
