0 [4118813696] INFO perfrun.launcher <> - Launcher main begin
0 [4118813696] INFO perfrun.launcher <> - MessageCatalogInit finished
1 [4118813696] INFO perfrun.launcher <> - Launcher instance created
1 [4118813696] INFO perfrun.launcher <> - argc = 6; cmdline = /opt/intel/oneapi/vtune/2025.10/bin32/amplxe-runss -dump-vdso -r /home/pacca/Desktop/Magistrale/computerArchitecture/progettoComputerArchitecture/cpu/versioni/r006hs --tmp-dir /tmp/amplxe-tmp-pacca 
6 [4118813696] INFO perfrun.launcher <> - create msngr2::ICliToolContext
6 [4118813696] INFO perfrun.launcher <> - create file finder object
9 [4118272832] INFO perfrun.launcher <> - plugin [remoteplug] was disabled because it doesn't support the given collection type.
9 [4118272832] INFO perfrun.launcher <> - plugin [] was disabled because it doesn't support the given collection type.
9 [4118272832] INFO perfrun.vdso <> - dumping [vdso] pseudomodule
9 [4118272832] INFO perfrun.launcher <> - plugin [] was disabled because it doesn't support the given collection type.
9 [4118272832] INFO perfrun.launcher <> - plugin [] was disabled because it doesn't support the given collection type.
9 [4118272832] INFO perfrun.launcher <> - plugin [] was disabled because it doesn't support the given collection type.
9 [4118272832] INFO perfrun.launcher <> - plugin [] was disabled because it doesn't support the given collection type.
9 [4118272832] INFO perfrun.launcher <> - plugin [] was disabled because it doesn't support the given collection type.
9 [4118272832] INFO perfrun.launcher <> - plugin [] was disabled because it doesn't support the given collection type.
9 [4118272832] INFO perfrun.launcher <> - plugin [] was disabled because it doesn't support the given collection type.
9 [4118272832] INFO perfrun.launcher <> - plugin [] was disabled because it doesn't support the given collection type.
9 [4118272832] INFO perfrun.launcher <> - plugin [] was disabled because it doesn't support the given collection type.
9 [4118272832] INFO perfrun.launcher <> - plugin [] was disabled because it doesn't support the given collection type.
9 [4118272832] INFO perfrun.launcher <> - plugin [] was disabled because it doesn't support the given collection type.
9 [4118272832] INFO perfrun.launcher <> - plugin [] was disabled because it doesn't support the given collection type.
9 [4118272832] INFO perfrun.launcher <> - plugin [] was disabled because it doesn't support the given collection type.
9 [4118272832] INFO perfrun.launcher <> - plugin [] was disabled because it doesn't support the given collection type.
9 [4118272832] INFO perfrun.launcher <> - plugin [] was disabled because it doesn't support the given collection type.
9 [4118272832] INFO perfrun.launcher <> - plugin [] was disabled because it doesn't support the given collection type.
9 [4118272832] INFO perfrun.launcher <> - plugin [] was disabled because it doesn't support the given collection type.
9 [4118272832] INFO perfrun.launcher <> - plugin [] was disabled because it doesn't support the given collection type.
9 [4118272832] INFO perfrun.launcher <> - plugin [] was disabled because it doesn't support the given collection type.
9 [4118272832] INFO perfrun.launcher <> - plugin [] was disabled because it doesn't support the given collection type.
9 [4118272832] INFO perfrun.launcher <> - plugin [] was disabled because it doesn't support the given collection type.
9 [4118272832] INFO perfrun.launcher <> - plugin [] was disabled because it doesn't support the given collection type.
9 [4118272832] INFO perfrun.launcher <> - plugin [] was disabled because it doesn't support the given collection type.
9 [4118272832] INFO perfrun.launcher <> - plugin [] was disabled because it doesn't support the given collection type.
9 [4118272832] INFO perfrun.launcher <> - plugin [] was disabled because it doesn't support the given collection type.
9 [4118813696] INFO perfrun.launcher <> - Application exit code: 0
9 [4118813696] INFO perfrun.launcher <> - Exit code: 0
